-------------------------------------------------------------------------------
Test set: br.com.valueprojects.subscription.entity.StudentTest
-------------------------------------------------------------------------------
Tests run: 7, Failures: 0, Errors: 7, Skipped: 0, Time elapsed: 0.034 s <<< FAILURE! -- in br.com.valueprojects.subscription.entity.StudentTest
br.com.valueprojects.subscription.entity.StudentTest.testAddCredits -- Time elapsed: 0.012 s <<< ERROR!
java.lang.NoClassDefFoundError: br/com/valueprojects/subscription/vo/Plan
	at br.com.valueprojects.subscription.entity.Student.<init>(Student.java:57)
	at br.com.valueprojects.subscription.entity.StudentTest.testAddCredits(StudentTest.java:42)
	at java.base/java.lang.reflect.Method.invoke(Method.java:569)
	at java.base/java.util.ArrayList.forEach(ArrayList.java:1511)
	at java.base/java.util.ArrayList.forEach(ArrayList.java:1511)
Caused by: java.lang.ClassNotFoundException: br.com.valueprojects.subscription.vo.Plan
	at java.base/jdk.internal.loader.BuiltinClassLoader.loadClass(BuiltinClassLoader.java:641)
	at java.base/jdk.internal.loader.ClassLoaders$AppClassLoader.loadClass(ClassLoaders.java:188)
	at java.base/java.lang.ClassLoader.loadClass(ClassLoader.java:525)
	... 5 more

br.com.valueprojects.subscription.entity.StudentTest.testCreateStudentWithBuilder -- Time elapsed: 0.001 s <<< ERROR!
java.lang.NoClassDefFoundError: br/com/valueprojects/subscription/entity/Student$StudentBuilder
	at br.com.valueprojects.subscription.entity.Student.builder(Student.java:13)
	at br.com.valueprojects.subscription.entity.StudentTest.testCreateStudentWithBuilder(StudentTest.java:12)
	at java.base/java.lang.reflect.Method.invoke(Method.java:569)
	at java.base/java.util.ArrayList.forEach(ArrayList.java:1511)
	at java.base/java.util.ArrayList.forEach(ArrayList.java:1511)
Caused by: java.lang.ClassNotFoundException: br.com.valueprojects.subscription.entity.Student$StudentBuilder
	at java.base/jdk.internal.loader.BuiltinClassLoader.loadClass(BuiltinClassLoader.java:641)
	at java.base/jdk.internal.loader.ClassLoaders$AppClassLoader.loadClass(ClassLoaders.java:188)
	at java.base/java.lang.ClassLoader.loadClass(ClassLoader.java:525)
	... 5 more

br.com.valueprojects.subscription.entity.StudentTest.testAddCompletedCourses -- Time elapsed: 0.002 s <<< ERROR!
java.lang.NoClassDefFoundError: br/com/valueprojects/subscription/vo/Plan
	at br.com.valueprojects.subscription.entity.Student.<init>(Student.java:57)
	at br.com.valueprojects.subscription.entity.StudentTest.testAddCompletedCourses(StudentTest.java:69)
	at java.base/java.lang.reflect.Method.invoke(Method.java:569)
	at java.base/java.util.ArrayList.forEach(ArrayList.java:1511)
	at java.base/java.util.ArrayList.forEach(ArrayList.java:1511)
Caused by: java.lang.ClassNotFoundException: br.com.valueprojects.subscription.vo.Plan
	... 5 more

br.com.valueprojects.subscription.entity.StudentTest.testConsumeCreditWhenZero -- Time elapsed: 0.002 s <<< ERROR!
java.lang.NoClassDefFoundError: br/com/valueprojects/subscription/vo/Plan
	at br.com.valueprojects.subscription.entity.Student.<init>(Student.java:57)
	at br.com.valueprojects.subscription.entity.StudentTest.testConsumeCreditWhenZero(StudentTest.java:60)
	at java.base/java.lang.reflect.Method.invoke(Method.java:569)
	at java.base/java.util.ArrayList.forEach(ArrayList.java:1511)
	at java.base/java.util.ArrayList.forEach(ArrayList.java:1511)
Caused by: java.lang.ClassNotFoundException: br.com.valueprojects.subscription.vo.Plan
	... 5 more

br.com.valueprojects.subscription.entity.StudentTest.testConsumeCredit -- Time elapsed: 0.002 s <<< ERROR!
java.lang.NoClassDefFoundError: br/com/valueprojects/subscription/vo/Plan
	at br.com.valueprojects.subscription.entity.Student.<init>(Student.java:57)
	at br.com.valueprojects.subscription.entity.StudentTest.testConsumeCredit(StudentTest.java:51)
	at java.base/java.lang.reflect.Method.invoke(Method.java:569)
	at java.base/java.util.ArrayList.forEach(ArrayList.java:1511)
	at java.base/java.util.ArrayList.forEach(ArrayList.java:1511)
Caused by: java.lang.ClassNotFoundException: br.com.valueprojects.subscription.vo.Plan
	... 5 more

br.com.valueprojects.subscription.entity.StudentTest.testCreateStudentWithConstructor -- Time elapsed: 0.001 s <<< ERROR!
java.lang.NoClassDefFoundError: br/com/valueprojects/subscription/vo/Plan
	at br.com.valueprojects.subscription.entity.Student.<init>(Student.java:57)
	at br.com.valueprojects.subscription.entity.StudentTest.testCreateStudentWithConstructor(StudentTest.java:30)
	at java.base/java.lang.reflect.Method.invoke(Method.java:569)
	at java.base/java.util.ArrayList.forEach(ArrayList.java:1511)
	at java.base/java.util.ArrayList.forEach(ArrayList.java:1511)
Caused by: java.lang.ClassNotFoundException: br.com.valueprojects.subscription.vo.Plan
	... 5 more

br.com.valueprojects.subscription.entity.StudentTest.testSetPlanPremium -- Time elapsed: 0.002 s <<< ERROR!
java.lang.NoClassDefFoundError: br/com/valueprojects/subscription/vo/Plan
	at br.com.valueprojects.subscription.entity.Student.<init>(Student.java:57)
	at br.com.valueprojects.subscription.entity.StudentTest.testSetPlanPremium(StudentTest.java:78)
	at java.base/java.lang.reflect.Method.invoke(Method.java:569)
	at java.base/java.util.ArrayList.forEach(ArrayList.java:1511)
	at java.base/java.util.ArrayList.forEach(ArrayList.java:1511)
Caused by: java.lang.ClassNotFoundException: br.com.valueprojects.subscription.vo.Plan
	... 5 more

