-------------------------------------------------------------------------------
Test set: br.com.valueprojects.subscription.bdd.RunCucumberTest
-------------------------------------------------------------------------------
Tests run: 11, Failures: 0, Errors: 11, Skipped: 0, Time elapsed: 1.109 s <<< FAILURE! -- in br.com.valueprojects.subscription.bdd.RunCucumberTest
Bônus do grupo - BDD por integrante.Bônus do grupo - BDD por integrante - Voucher não consome crédito (Eduardo Prestes) -- Time elapsed: 0.210 s <<< ERROR!
io.cucumber.junit.platform.engine.UndefinedStepException: 
The step 'um aluno BASIC chamado "Eduardo Prestes" com 0 cursos concluídos e 2 créditos' and 3 other step(s) are undefined.
You can implement these steps using the snippet(s) below:

@Given("um aluno BASIC chamado {string} com {int} cursos concluídos e {int} créditos")
public void um_aluno_basic_chamado_com_cursos_concluídos_e_créditos(String string, Integer int1, Integer int2) {
    // Write code here that turns the phrase above into concrete actions
    throw new io.cucumber.java.PendingException();
}
@When("o aluno se matricula no curso {string} usando voucher")
public void o_aluno_se_matricula_no_curso_usando_voucher(String string) {
    // Write code here that turns the phrase above into concrete actions
    throw new io.cucumber.java.PendingException();
}
@Then("a matrícula deve ser aceita com o código {string}")
public void a_matrícula_deve_ser_aceita_com_o_código(String string) {
    // Write code here that turns the phrase above into concrete actions
    throw new io.cucumber.java.PendingException();
}
@Then("o aluno deve possuir {int} créditos")
public void o_aluno_deve_possuir_créditos(Integer int1) {
    // Write code here that turns the phrase above into concrete actions
    throw new io.cucumber.java.PendingException();
}

	at io.cucumber.core.runtime.TestCaseResultObserver.assertTestCasePassed(TestCaseResultObserver.java:69)
	at io.cucumber.junit.platform.engine.TestCaseResultObserver.assertTestCasePassed(TestCaseResultObserver.java:22)
	at io.cucumber.junit.platform.engine.CucumberEngineExecutionContext.lambda$runTestCase$4(CucumberEngineExecutionContext.java:114)
	at io.cucumber.core.runtime.CucumberExecutionContext.lambda$runTestCase$5(CucumberExecutionContext.java:136)
	at io.cucumber.core.runtime.RethrowingThrowableCollector.executeAndThrow(RethrowingThrowableCollector.java:23)
	at io.cucumber.core.runtime.CucumberExecutionContext.runTestCase(CucumberExecutionContext.java:136)
	at io.cucumber.junit.platform.engine.CucumberEngineExecutionContext.runTestCase(CucumberEngineExecutionContext.java:109)
	at io.cucumber.junit.platform.engine.NodeDescriptor$PickleDescriptor.execute(NodeDescriptor.java:168)
	at io.cucumber.junit.platform.engine.NodeDescriptor$PickleDescriptor.execute(NodeDescriptor.java:90)
	at java.base/java.util.ArrayList.forEach(ArrayList.java:1511)
	at java.base/java.util.ArrayList.forEach(ArrayList.java:1511)

Bônus do grupo - BDD por integrante.Bônus do grupo - BDD por integrante - Converter 4 moedas em 2 créditos (Weber) -- Time elapsed: 0.018 s <<< ERROR!
io.cucumber.junit.platform.engine.UndefinedStepException: 
The step 'um aluno BASIC chamado "Weber" com 0 cursos concluídos, 0 créditos e 4 moedas' and 3 other step(s) are undefined.
You can implement these steps using the snippet(s) below:

@Given("um aluno BASIC chamado {string} com {int} cursos concluídos, {int} créditos e {int} moedas")
public void um_aluno_basic_chamado_com_cursos_concluídos_créditos_e_moedas(String string, Integer int1, Integer int2, Integer int3) {
    // Write code here that turns the phrase above into concrete actions
    throw new io.cucumber.java.PendingException();
}
@When("o aluno converte {int} moedas em créditos")
public void o_aluno_converte_moedas_em_créditos(Integer int1) {
    // Write code here that turns the phrase above into concrete actions
    throw new io.cucumber.java.PendingException();
}
@Then("o aluno deve possuir {int} créditos")
public void o_aluno_deve_possuir_créditos(Integer int1) {
    // Write code here that turns the phrase above into concrete actions
    throw new io.cucumber.java.PendingException();
}
@Then("o aluno deve possuir {int} moedas")
public void o_aluno_deve_possuir_moedas(Integer int1) {
    // Write code here that turns the phrase above into concrete actions
    throw new io.cucumber.java.PendingException();
}

	at io.cucumber.core.runtime.TestCaseResultObserver.assertTestCasePassed(TestCaseResultObserver.java:69)
	at io.cucumber.junit.platform.engine.TestCaseResultObserver.assertTestCasePassed(TestCaseResultObserver.java:22)
	at io.cucumber.junit.platform.engine.CucumberEngineExecutionContext.lambda$runTestCase$4(CucumberEngineExecutionContext.java:114)
	at io.cucumber.core.runtime.CucumberExecutionContext.lambda$runTestCase$5(CucumberExecutionContext.java:136)
	at io.cucumber.core.runtime.RethrowingThrowableCollector.executeAndThrow(RethrowingThrowableCollector.java:23)
	at io.cucumber.core.runtime.CucumberExecutionContext.runTestCase(CucumberExecutionContext.java:136)
	at io.cucumber.junit.platform.engine.CucumberEngineExecutionContext.runTestCase(CucumberEngineExecutionContext.java:109)
	at io.cucumber.junit.platform.engine.NodeDescriptor$PickleDescriptor.execute(NodeDescriptor.java:168)
	at io.cucumber.junit.platform.engine.NodeDescriptor$PickleDescriptor.execute(NodeDescriptor.java:90)
	at java.base/java.util.ArrayList.forEach(ArrayList.java:1511)
	at java.base/java.util.ArrayList.forEach(ArrayList.java:1511)

Bônus do grupo - BDD por integrante.Bônus do grupo - BDD por integrante - Promoção para PREMIUM quando ultrapassa 12 cursos (Lucas) -- Time elapsed: 0.011 s <<< ERROR!
io.cucumber.junit.platform.engine.UndefinedStepException: 
The step 'um aluno BASIC chamado "Lucas" com 12 cursos concluídos e 0 créditos' and 2 other step(s) are undefined.
You can implement these steps using the snippet(s) below:

@Given("um aluno BASIC chamado {string} com {int} cursos concluídos e {int} créditos")
public void um_aluno_basic_chamado_com_cursos_concluídos_e_créditos(String string, Integer int1, Integer int2) {
    // Write code here that turns the phrase above into concrete actions
    throw new io.cucumber.java.PendingException();
}
@When("o aluno conclui {int} curso\\(s) com média {double}")
public void o_aluno_conclui_curso_s_com_média(Integer int1, Double double1) {
    // Write code here that turns the phrase above into concrete actions
    throw new io.cucumber.java.PendingException();
}
@Then("o plano deve ser PREMIUM")
public void o_plano_deve_ser_premium() {
    // Write code here that turns the phrase above into concrete actions
    throw new io.cucumber.java.PendingException();
}

	at io.cucumber.core.runtime.TestCaseResultObserver.assertTestCasePassed(TestCaseResultObserver.java:69)
	at io.cucumber.junit.platform.engine.TestCaseResultObserver.assertTestCasePassed(TestCaseResultObserver.java:22)
	at io.cucumber.junit.platform.engine.CucumberEngineExecutionContext.lambda$runTestCase$4(CucumberEngineExecutionContext.java:114)
	at io.cucumber.core.runtime.CucumberExecutionContext.lambda$runTestCase$5(CucumberExecutionContext.java:136)
	at io.cucumber.core.runtime.RethrowingThrowableCollector.executeAndThrow(RethrowingThrowableCollector.java:23)
	at io.cucumber.core.runtime.CucumberExecutionContext.runTestCase(CucumberExecutionContext.java:136)
	at io.cucumber.junit.platform.engine.CucumberEngineExecutionContext.runTestCase(CucumberEngineExecutionContext.java:109)
	at io.cucumber.junit.platform.engine.NodeDescriptor$PickleDescriptor.execute(NodeDescriptor.java:168)
	at io.cucumber.junit.platform.engine.NodeDescriptor$PickleDescriptor.execute(NodeDescriptor.java:90)
	at java.base/java.util.ArrayList.forEach(ArrayList.java:1511)
	at java.base/java.util.ArrayList.forEach(ArrayList.java:1511)

Bônus do grupo - BDD por integrante.Bônus do grupo - BDD por integrante - Ganhar 5 créditos com média >= 9.0 (Tales) -- Time elapsed: 0.031 s <<< ERROR!
io.cucumber.junit.platform.engine.UndefinedStepException: 
The step 'um aluno BASIC chamado "Tales" com 0 cursos concluídos e 0 créditos' and 4 other step(s) are undefined.
You can implement these steps using the snippet(s) below:

@Given("um aluno BASIC chamado {string} com {int} cursos concluídos e {int} créditos")
public void um_aluno_basic_chamado_com_cursos_concluídos_e_créditos(String string, Integer int1, Integer int2) {
    // Write code here that turns the phrase above into concrete actions
    throw new io.cucumber.java.PendingException();
}
@When("o aluno conclui {int} curso\\(s) com média {double}")
public void o_aluno_conclui_curso_s_com_média(Integer int1, Double double1) {
    // Write code here that turns the phrase above into concrete actions
    throw new io.cucumber.java.PendingException();
}
@Then("o aluno deve possuir {int} curso concluído")
public void o_aluno_deve_possuir_curso_concluído(Integer int1) {
    // Write code here that turns the phrase above into concrete actions
    throw new io.cucumber.java.PendingException();
}
@Then("o aluno deve possuir {int} créditos")
public void o_aluno_deve_possuir_créditos(Integer int1) {
    // Write code here that turns the phrase above into concrete actions
    throw new io.cucumber.java.PendingException();
}
@Then("o plano deve ser BASIC")
public void o_plano_deve_ser_basic() {
    // Write code here that turns the phrase above into concrete actions
    throw new io.cucumber.java.PendingException();
}

	at io.cucumber.core.runtime.TestCaseResultObserver.assertTestCasePassed(TestCaseResultObserver.java:69)
	at io.cucumber.junit.platform.engine.TestCaseResultObserver.assertTestCasePassed(TestCaseResultObserver.java:22)
	at io.cucumber.junit.platform.engine.CucumberEngineExecutionContext.lambda$runTestCase$4(CucumberEngineExecutionContext.java:114)
	at io.cucumber.core.runtime.CucumberExecutionContext.lambda$runTestCase$5(CucumberExecutionContext.java:136)
	at io.cucumber.core.runtime.RethrowingThrowableCollector.executeAndThrow(RethrowingThrowableCollector.java:23)
	at io.cucumber.core.runtime.CucumberExecutionContext.runTestCase(CucumberExecutionContext.java:136)
	at io.cucumber.junit.platform.engine.CucumberEngineExecutionContext.runTestCase(CucumberEngineExecutionContext.java:109)
	at io.cucumber.junit.platform.engine.NodeDescriptor$PickleDescriptor.execute(NodeDescriptor.java:168)
	at io.cucumber.junit.platform.engine.NodeDescriptor$PickleDescriptor.execute(NodeDescriptor.java:90)
	at java.base/java.util.ArrayList.forEach(ArrayList.java:1511)
	at java.base/java.util.ArrayList.forEach(ArrayList.java:1511)

Matrícula em curso usando créditos ou voucher.Matrícula em curso usando créditos ou voucher - Matricular consumindo 1 crédito -- Time elapsed: 0.018 s <<< ERROR!
io.cucumber.junit.platform.engine.UndefinedStepException: 
The step 'um aluno BASIC chamado "Ana" com 0 cursos concluídos e 2 créditos' and 3 other step(s) are undefined.
You can implement these steps using the snippet(s) below:

@Given("um aluno BASIC chamado {string} com {int} cursos concluídos e {int} créditos")
public void um_aluno_basic_chamado_com_cursos_concluídos_e_créditos(String string, Integer int1, Integer int2) {
    // Write code here that turns the phrase above into concrete actions
    throw new io.cucumber.java.PendingException();
}
@When("o aluno se matricula no curso {string} sem voucher")
public void o_aluno_se_matricula_no_curso_sem_voucher(String string) {
    // Write code here that turns the phrase above into concrete actions
    throw new io.cucumber.java.PendingException();
}
@Then("a matrícula deve ser aceita com o código {string}")
public void a_matrícula_deve_ser_aceita_com_o_código(String string) {
    // Write code here that turns the phrase above into concrete actions
    throw new io.cucumber.java.PendingException();
}
@Then("o aluno deve possuir {int} crédito")
public void o_aluno_deve_possuir_crédito(Integer int1) {
    // Write code here that turns the phrase above into concrete actions
    throw new io.cucumber.java.PendingException();
}

	at io.cucumber.core.runtime.TestCaseResultObserver.assertTestCasePassed(TestCaseResultObserver.java:69)
	at io.cucumber.junit.platform.engine.TestCaseResultObserver.assertTestCasePassed(TestCaseResultObserver.java:22)
	at io.cucumber.junit.platform.engine.CucumberEngineExecutionContext.lambda$runTestCase$4(CucumberEngineExecutionContext.java:114)
	at io.cucumber.core.runtime.CucumberExecutionContext.lambda$runTestCase$5(CucumberExecutionContext.java:136)
	at io.cucumber.core.runtime.RethrowingThrowableCollector.executeAndThrow(RethrowingThrowableCollector.java:23)
	at io.cucumber.core.runtime.CucumberExecutionContext.runTestCase(CucumberExecutionContext.java:136)
	at io.cucumber.junit.platform.engine.CucumberEngineExecutionContext.runTestCase(CucumberEngineExecutionContext.java:109)
	at io.cucumber.junit.platform.engine.NodeDescriptor$PickleDescriptor.execute(NodeDescriptor.java:168)
	at io.cucumber.junit.platform.engine.NodeDescriptor$PickleDescriptor.execute(NodeDescriptor.java:90)
	at java.base/java.util.ArrayList.forEach(ArrayList.java:1511)
	at java.base/java.util.ArrayList.forEach(ArrayList.java:1511)

Matrícula em curso usando créditos ou voucher.Matrícula em curso usando créditos ou voucher - Impedir matrícula sem créditos nem voucher -- Time elapsed: 0.010 s <<< ERROR!
io.cucumber.junit.platform.engine.UndefinedStepException: 
The step 'um aluno BASIC chamado "Bruno" com 0 cursos concluídos e 0 créditos' and 2 other step(s) are undefined.
You can implement these steps using the snippet(s) below:

@Given("um aluno BASIC chamado {string} com {int} cursos concluídos e {int} créditos")
public void um_aluno_basic_chamado_com_cursos_concluídos_e_créditos(String string, Integer int1, Integer int2) {
    // Write code here that turns the phrase above into concrete actions
    throw new io.cucumber.java.PendingException();
}
@When("o aluno tenta se matricular no curso {string} sem voucher")
public void o_aluno_tenta_se_matricular_no_curso_sem_voucher(String string) {
    // Write code here that turns the phrase above into concrete actions
    throw new io.cucumber.java.PendingException();
}
@Then("a matrícula deve ser rejeitada com o motivo {string}")
public void a_matrícula_deve_ser_rejeitada_com_o_motivo(String string) {
    // Write code here that turns the phrase above into concrete actions
    throw new io.cucumber.java.PendingException();
}

	at io.cucumber.core.runtime.TestCaseResultObserver.assertTestCasePassed(TestCaseResultObserver.java:69)
	at io.cucumber.junit.platform.engine.TestCaseResultObserver.assertTestCasePassed(TestCaseResultObserver.java:22)
	at io.cucumber.junit.platform.engine.CucumberEngineExecutionContext.lambda$runTestCase$4(CucumberEngineExecutionContext.java:114)
	at io.cucumber.core.runtime.CucumberExecutionContext.lambda$runTestCase$5(CucumberExecutionContext.java:136)
	at io.cucumber.core.runtime.RethrowingThrowableCollector.executeAndThrow(RethrowingThrowableCollector.java:23)
	at io.cucumber.core.runtime.CucumberExecutionContext.runTestCase(CucumberExecutionContext.java:136)
	at io.cucumber.junit.platform.engine.CucumberEngineExecutionContext.runTestCase(CucumberEngineExecutionContext.java:109)
	at io.cucumber.junit.platform.engine.NodeDescriptor$PickleDescriptor.execute(NodeDescriptor.java:168)
	at io.cucumber.junit.platform.engine.NodeDescriptor$PickleDescriptor.execute(NodeDescriptor.java:90)
	at java.base/java.util.ArrayList.forEach(ArrayList.java:1511)
	at java.base/java.util.ArrayList.forEach(ArrayList.java:1511)

Matrícula em curso usando créditos ou voucher.Matrícula em curso usando créditos ou voucher - Voucher não consome crédito -- Time elapsed: 0.012 s <<< ERROR!
io.cucumber.junit.platform.engine.UndefinedStepException: 
The step 'um aluno BASIC chamado "Aluno" com 0 cursos concluídos e 2 créditos' and 3 other step(s) are undefined.
You can implement these steps using the snippet(s) below:

@Given("um aluno BASIC chamado {string} com {int} cursos concluídos e {int} créditos")
public void um_aluno_basic_chamado_com_cursos_concluídos_e_créditos(String string, Integer int1, Integer int2) {
    // Write code here that turns the phrase above into concrete actions
    throw new io.cucumber.java.PendingException();
}
@When("o aluno se matricula no curso {string} usando voucher")
public void o_aluno_se_matricula_no_curso_usando_voucher(String string) {
    // Write code here that turns the phrase above into concrete actions
    throw new io.cucumber.java.PendingException();
}
@Then("a matrícula deve ser aceita com o código {string}")
public void a_matrícula_deve_ser_aceita_com_o_código(String string) {
    // Write code here that turns the phrase above into concrete actions
    throw new io.cucumber.java.PendingException();
}
@Then("o aluno deve possuir {int} créditos")
public void o_aluno_deve_possuir_créditos(Integer int1) {
    // Write code here that turns the phrase above into concrete actions
    throw new io.cucumber.java.PendingException();
}

	at io.cucumber.core.runtime.TestCaseResultObserver.assertTestCasePassed(TestCaseResultObserver.java:69)
	at io.cucumber.junit.platform.engine.TestCaseResultObserver.assertTestCasePassed(TestCaseResultObserver.java:22)
	at io.cucumber.junit.platform.engine.CucumberEngineExecutionContext.lambda$runTestCase$4(CucumberEngineExecutionContext.java:114)
	at io.cucumber.core.runtime.CucumberExecutionContext.lambda$runTestCase$5(CucumberExecutionContext.java:136)
	at io.cucumber.core.runtime.RethrowingThrowableCollector.executeAndThrow(RethrowingThrowableCollector.java:23)
	at io.cucumber.core.runtime.CucumberExecutionContext.runTestCase(CucumberExecutionContext.java:136)
	at io.cucumber.junit.platform.engine.CucumberEngineExecutionContext.runTestCase(CucumberEngineExecutionContext.java:109)
	at io.cucumber.junit.platform.engine.NodeDescriptor$PickleDescriptor.execute(NodeDescriptor.java:168)
	at io.cucumber.junit.platform.engine.NodeDescriptor$PickleDescriptor.execute(NodeDescriptor.java:90)
	at java.base/java.util.ArrayList.forEach(ArrayList.java:1511)
	at java.base/java.util.ArrayList.forEach(ArrayList.java:1511)

Progressão de assinatura por desempenho e contribuição.Progressão de assinatura por desempenho e contribuição - Ganhar 5 créditos com média >= 9.0 -- Time elapsed: 0.015 s <<< ERROR!
io.cucumber.junit.platform.engine.UndefinedStepException: 
The step 'um aluno BASIC chamado "Tales" com 0 cursos concluídos e 0 créditos' and 4 other step(s) are undefined.
You can implement these steps using the snippet(s) below:

@Given("um aluno BASIC chamado {string} com {int} cursos concluídos e {int} créditos")
public void um_aluno_basic_chamado_com_cursos_concluídos_e_créditos(String string, Integer int1, Integer int2) {
    // Write code here that turns the phrase above into concrete actions
    throw new io.cucumber.java.PendingException();
}
@When("o aluno conclui {int} curso\\(s) com média {double}")
public void o_aluno_conclui_curso_s_com_média(Integer int1, Double double1) {
    // Write code here that turns the phrase above into concrete actions
    throw new io.cucumber.java.PendingException();
}
@Then("o aluno deve possuir {int} curso concluído")
public void o_aluno_deve_possuir_curso_concluído(Integer int1) {
    // Write code here that turns the phrase above into concrete actions
    throw new io.cucumber.java.PendingException();
}
@Then("o aluno deve possuir {int} créditos")
public void o_aluno_deve_possuir_créditos(Integer int1) {
    // Write code here that turns the phrase above into concrete actions
    throw new io.cucumber.java.PendingException();
}
@Then("o plano deve ser BASIC")
public void o_plano_deve_ser_basic() {
    // Write code here that turns the phrase above into concrete actions
    throw new io.cucumber.java.PendingException();
}

	at io.cucumber.core.runtime.TestCaseResultObserver.assertTestCasePassed(TestCaseResultObserver.java:69)
	at io.cucumber.junit.platform.engine.TestCaseResultObserver.assertTestCasePassed(TestCaseResultObserver.java:22)
	at io.cucumber.junit.platform.engine.CucumberEngineExecutionContext.lambda$runTestCase$4(CucumberEngineExecutionContext.java:114)
	at io.cucumber.core.runtime.CucumberExecutionContext.lambda$runTestCase$5(CucumberExecutionContext.java:136)
	at io.cucumber.core.runtime.RethrowingThrowableCollector.executeAndThrow(RethrowingThrowableCollector.java:23)
	at io.cucumber.core.runtime.CucumberExecutionContext.runTestCase(CucumberExecutionContext.java:136)
	at io.cucumber.junit.platform.engine.CucumberEngineExecutionContext.runTestCase(CucumberEngineExecutionContext.java:109)
	at io.cucumber.junit.platform.engine.NodeDescriptor$PickleDescriptor.execute(NodeDescriptor.java:168)
	at io.cucumber.junit.platform.engine.NodeDescriptor$PickleDescriptor.execute(NodeDescriptor.java:90)
	at java.base/java.util.ArrayList.forEach(ArrayList.java:1511)
	at java.base/java.util.ArrayList.forEach(ArrayList.java:1511)

Progressão de assinatura por desempenho e contribuição.Progressão de assinatura por desempenho e contribuição - Ganhar 3 créditos com 7.0 <= média < 9.0 -- Time elapsed: 0.011 s <<< ERROR!
io.cucumber.junit.platform.engine.UndefinedStepException: 
The step 'um aluno BASIC chamado "Tales" com 0 cursos concluídos e 0 créditos' and 2 other step(s) are undefined.
You can implement these steps using the snippet(s) below:

@Given("um aluno BASIC chamado {string} com {int} cursos concluídos e {int} créditos")
public void um_aluno_basic_chamado_com_cursos_concluídos_e_créditos(String string, Integer int1, Integer int2) {
    // Write code here that turns the phrase above into concrete actions
    throw new io.cucumber.java.PendingException();
}
@When("o aluno conclui {int} curso\\(s) com média {double}")
public void o_aluno_conclui_curso_s_com_média(Integer int1, Double double1) {
    // Write code here that turns the phrase above into concrete actions
    throw new io.cucumber.java.PendingException();
}
@Then("o aluno deve possuir {int} créditos")
public void o_aluno_deve_possuir_créditos(Integer int1) {
    // Write code here that turns the phrase above into concrete actions
    throw new io.cucumber.java.PendingException();
}

	at io.cucumber.core.runtime.TestCaseResultObserver.assertTestCasePassed(TestCaseResultObserver.java:69)
	at io.cucumber.junit.platform.engine.TestCaseResultObserver.assertTestCasePassed(TestCaseResultObserver.java:22)
	at io.cucumber.junit.platform.engine.CucumberEngineExecutionContext.lambda$runTestCase$4(CucumberEngineExecutionContext.java:114)
	at io.cucumber.core.runtime.CucumberExecutionContext.lambda$runTestCase$5(CucumberExecutionContext.java:136)
	at io.cucumber.core.runtime.RethrowingThrowableCollector.executeAndThrow(RethrowingThrowableCollector.java:23)
	at io.cucumber.core.runtime.CucumberExecutionContext.runTestCase(CucumberExecutionContext.java:136)
	at io.cucumber.junit.platform.engine.CucumberEngineExecutionContext.runTestCase(CucumberEngineExecutionContext.java:109)
	at io.cucumber.junit.platform.engine.NodeDescriptor$PickleDescriptor.execute(NodeDescriptor.java:168)
	at io.cucumber.junit.platform.engine.NodeDescriptor$PickleDescriptor.execute(NodeDescriptor.java:90)
	at java.base/java.util.ArrayList.forEach(ArrayList.java:1511)
	at java.base/java.util.ArrayList.forEach(ArrayList.java:1511)

Progressão de assinatura por desempenho e contribuição.Progressão de assinatura por desempenho e contribuição - Converter moedas em créditos (2:1) -- Time elapsed: 0.012 s <<< ERROR!
io.cucumber.junit.platform.engine.UndefinedStepException: 
The step 'um aluno BASIC chamado "Weber" com 0 cursos concluídos, 0 créditos e 4 moedas' and 3 other step(s) are undefined.
You can implement these steps using the snippet(s) below:

@Given("um aluno BASIC chamado {string} com {int} cursos concluídos, {int} créditos e {int} moedas")
public void um_aluno_basic_chamado_com_cursos_concluídos_créditos_e_moedas(String string, Integer int1, Integer int2, Integer int3) {
    // Write code here that turns the phrase above into concrete actions
    throw new io.cucumber.java.PendingException();
}
@When("o aluno converte {int} moedas em créditos")
public void o_aluno_converte_moedas_em_créditos(Integer int1) {
    // Write code here that turns the phrase above into concrete actions
    throw new io.cucumber.java.PendingException();
}
@Then("o aluno deve possuir {int} créditos")
public void o_aluno_deve_possuir_créditos(Integer int1) {
    // Write code here that turns the phrase above into concrete actions
    throw new io.cucumber.java.PendingException();
}
@Then("o aluno deve possuir {int} moedas")
public void o_aluno_deve_possuir_moedas(Integer int1) {
    // Write code here that turns the phrase above into concrete actions
    throw new io.cucumber.java.PendingException();
}

	at io.cucumber.core.runtime.TestCaseResultObserver.assertTestCasePassed(TestCaseResultObserver.java:69)
	at io.cucumber.junit.platform.engine.TestCaseResultObserver.assertTestCasePassed(TestCaseResultObserver.java:22)
	at io.cucumber.junit.platform.engine.CucumberEngineExecutionContext.lambda$runTestCase$4(CucumberEngineExecutionContext.java:114)
	at io.cucumber.core.runtime.CucumberExecutionContext.lambda$runTestCase$5(CucumberExecutionContext.java:136)
	at io.cucumber.core.runtime.RethrowingThrowableCollector.executeAndThrow(RethrowingThrowableCollector.java:23)
	at io.cucumber.core.runtime.CucumberExecutionContext.runTestCase(CucumberExecutionContext.java:136)
	at io.cucumber.junit.platform.engine.CucumberEngineExecutionContext.runTestCase(CucumberEngineExecutionContext.java:109)
	at io.cucumber.junit.platform.engine.NodeDescriptor$PickleDescriptor.execute(NodeDescriptor.java:168)
	at io.cucumber.junit.platform.engine.NodeDescriptor$PickleDescriptor.execute(NodeDescriptor.java:90)
	at java.base/java.util.ArrayList.forEach(ArrayList.java:1511)
	at java.base/java.util.ArrayList.forEach(ArrayList.java:1511)

Progressão de assinatura por desempenho e contribuição.Progressão de assinatura por desempenho e contribuição - Promoção para PREMIUM só quando > 12 cursos -- Time elapsed: 0.014 s <<< ERROR!
io.cucumber.junit.platform.engine.UndefinedStepException: 
The step 'um aluno BASIC chamado "Lucas" com 12 cursos concluídos e 0 créditos' and 2 other step(s) are undefined.
You can implement these steps using the snippet(s) below:

@Given("um aluno BASIC chamado {string} com {int} cursos concluídos e {int} créditos")
public void um_aluno_basic_chamado_com_cursos_concluídos_e_créditos(String string, Integer int1, Integer int2) {
    // Write code here that turns the phrase above into concrete actions
    throw new io.cucumber.java.PendingException();
}
@When("o aluno conclui {int} curso\\(s) com média {double}")
public void o_aluno_conclui_curso_s_com_média(Integer int1, Double double1) {
    // Write code here that turns the phrase above into concrete actions
    throw new io.cucumber.java.PendingException();
}
@Then("o plano deve ser PREMIUM")
public void o_plano_deve_ser_premium() {
    // Write code here that turns the phrase above into concrete actions
    throw new io.cucumber.java.PendingException();
}

	at io.cucumber.core.runtime.TestCaseResultObserver.assertTestCasePassed(TestCaseResultObserver.java:69)
	at io.cucumber.junit.platform.engine.TestCaseResultObserver.assertTestCasePassed(TestCaseResultObserver.java:22)
	at io.cucumber.junit.platform.engine.CucumberEngineExecutionContext.lambda$runTestCase$4(CucumberEngineExecutionContext.java:114)
	at io.cucumber.core.runtime.CucumberExecutionContext.lambda$runTestCase$5(CucumberExecutionContext.java:136)
	at io.cucumber.core.runtime.RethrowingThrowableCollector.executeAndThrow(RethrowingThrowableCollector.java:23)
	at io.cucumber.core.runtime.CucumberExecutionContext.runTestCase(CucumberExecutionContext.java:136)
	at io.cucumber.junit.platform.engine.CucumberEngineExecutionContext.runTestCase(CucumberEngineExecutionContext.java:109)
	at io.cucumber.junit.platform.engine.NodeDescriptor$PickleDescriptor.execute(NodeDescriptor.java:168)
	at io.cucumber.junit.platform.engine.NodeDescriptor$PickleDescriptor.execute(NodeDescriptor.java:90)
	at java.base/java.util.ArrayList.forEach(ArrayList.java:1511)
	at java.base/java.util.ArrayList.forEach(ArrayList.java:1511)

