<?xml version="1.0" encoding="UTF-8"?>
<testsuite xmlns:xsi="http://www.w3.org/2001/XMLSchema-instance" xsi:noNamespaceSchemaLocation="https://maven.apache.org/surefire/maven-surefire-plugin/xsd/surefire-test-report-3.0.xsd" version="3.0" name="br.com.valueprojects.subscription.bdd.RunCucumberTest" time="1.109" tests="11" errors="11" skipped="0" failures="0">
  <properties>
[...]
</properties>
  <testcase name="Bônus do grupo - BDD por integrante - Voucher não consome crédito (Eduardo Prestes)" classname="Bônus do grupo - BDD por integrante" time="0.21">
    <error message="The step &apos;um aluno BASIC chamado &quot;Eduardo Prestes&quot; com 0 cursos concluídos e 2 créditos&apos; and 3 other step(s) are undefined.&#10;You can implement these steps using the snippet(s) below:&#10;&#10;@Given(&quot;um aluno BASIC chamado {string} com {int} cursos concluídos e {int} créditos&quot;)&#10;public void um_aluno_basic_chamado_com_cursos_concluídos_e_créditos(String string, Integer int1, Integer int2) {&#10;    // Write code here that turns the phrase above into concrete actions&#10;    throw new io.cucumber.java.PendingException();&#10;}&#10;@When(&quot;o aluno se matricula no curso {string} usando voucher&quot;)&#10;public void o_aluno_se_matricula_no_curso_usando_voucher(String string) {&#10;    // Write code here that turns the phrase above into concrete actions&#10;    throw new io.cucumber.java.PendingException();&#10;}&#10;@Then(&quot;a matrícula deve ser aceita com o código {string}&quot;)&#10;public void a_matrícula_deve_ser_aceita_com_o_código(String string) {&#10;    // Write code here that turns the phrase above into concrete actions&#10;    throw new io.cucumber.java.PendingException();&#10;}&#10;@Then(&quot;o aluno deve possuir {int} créditos&quot;)&#10;public void o_aluno_deve_possuir_créditos(Integer int1) {&#10;    // Write code here that turns the phrase above into concrete actions&#10;    throw new io.cucumber.java.PendingException();&#10;}&#10;" type="io.cucumber.junit.platform.engine.UndefinedStepException"><![CDATA[io.cucumber.junit.platform.engine.UndefinedStepException: 
The step 'um aluno BASIC chamado "Eduardo Prestes" com 0 cursos concluídos e 2 créditos' and 3 other step(s) are undefined.
You can implement these steps using the snippet(s) below:

@Given("um aluno BASIC chamado {string} com {int} cursos concluídos e {int} créditos")
public void um_aluno_basic_chamado_com_cursos_concluídos_e_créditos(String string, Integer int1, Integer int2) {
    // Write code here that turns the phrase above into concrete actions
    throw new io.cucumber.java.PendingException();
}
@When("o aluno se matricula no curso {string} usando voucher")
public void o_aluno_se_matricula_no_curso_usando_voucher(String string) {
    // Write code here that turns the phrase above into concrete actions
    throw new io.cucumber.java.PendingException();
}
@Then("a matrícula deve ser aceita com o código {string}")
public void a_matrícula_deve_ser_aceita_com_o_código(String string) {
    // Write code here that turns the phrase above into concrete actions
    throw new io.cucumber.java.PendingException();
}
@Then("o aluno deve possuir {int} créditos")
public void o_aluno_deve_possuir_créditos(Integer int1) {
    // Write code here that turns the phrase above into concrete actions
    throw new io.cucumber.java.PendingException();
}

	at io.cucumber.core.runtime.TestCaseResultObserver.assertTestCasePassed(TestCaseResultObserver.java:69)
	at io.cucumber.junit.platform.engine.TestCaseResultObserver.assertTestCasePassed(TestCaseResultObserver.java:22)
	at io.cucumber.junit.platform.engine.CucumberEngineExecutionContext.lambda$runTestCase$4(CucumberEngineExecutionContext.java:114)
	at io.cucumber.core.runtime.CucumberExecutionContext.lambda$runTestCase$5(CucumberExecutionContext.java:136)
	at io.cucumber.core.runtime.RethrowingThrowableCollector.executeAndThrow(RethrowingThrowableCollector.java:23)
	at io.cucumber.core.runtime.CucumberExecutionContext.runTestCase(CucumberExecutionContext.java:136)
	at io.cucumber.junit.platform.engine.CucumberEngineExecutionContext.runTestCase(CucumberEngineExecutionContext.java:109)
	at io.cucumber.junit.platform.engine.NodeDescriptor$PickleDescriptor.execute(NodeDescriptor.java:168)
	at io.cucumber.junit.platform.engine.NodeDescriptor$PickleDescriptor.execute(NodeDescriptor.java:90)
	at java.base/java.util.ArrayList.forEach(ArrayList.java:1511)
	at java.base/java.util.ArrayList.forEach(ArrayList.java:1511)
]]></error>
    <system-out><![CDATA[
Scenario: Voucher não consome crédito (Eduardo Prestes)                               &amp#27;[90m# features/bonus_team.feature:3&amp#27;[0m
  &amp#27;[33mGiven &amp#27;[0m&amp#27;[33mum aluno BASIC chamado "Eduardo Prestes" com 0 cursos concluídos e 2 créditos&amp#27;[0m
  &amp#27;[36mWhen &amp#27;[0m&amp#27;[36mo aluno se matricula no curso "ML-101" usando voucher&amp#27;[0m
  &amp#27;[36mThen &amp#27;[0m&amp#27;[36ma matrícula deve ser aceita com o código "ML-101"&amp#27;[0m
  &amp#27;[36mAnd &amp#27;[0m&amp#27;[36mo aluno deve possuir 2 créditos&amp#27;[0m
]]></system-out>
  </testcase>
  <testcase name="Bônus do grupo - BDD por integrante - Converter 4 moedas em 2 créditos (Weber)" classname="Bônus do grupo - BDD por integrante" time="0.018">
    <error message="The step &apos;um aluno BASIC chamado &quot;Weber&quot; com 0 cursos concluídos, 0 créditos e 4 moedas&apos; and 3 other step(s) are undefined.&#10;You can implement these steps using the snippet(s) below:&#10;&#10;@Given(&quot;um aluno BASIC chamado {string} com {int} cursos concluídos, {int} créditos e {int} moedas&quot;)&#10;public void um_aluno_basic_chamado_com_cursos_concluídos_créditos_e_moedas(String string, Integer int1, Integer int2, Integer int3) {&#10;    // Write code here that turns the phrase above into concrete actions&#10;    throw new io.cucumber.java.PendingException();&#10;}&#10;@When(&quot;o aluno converte {int} moedas em créditos&quot;)&#10;public void o_aluno_converte_moedas_em_créditos(Integer int1) {&#10;    // Write code here that turns the phrase above into concrete actions&#10;    throw new io.cucumber.java.PendingException();&#10;}&#10;@Then(&quot;o aluno deve possuir {int} créditos&quot;)&#10;public void o_aluno_deve_possuir_créditos(Integer int1) {&#10;    // Write code here that turns the phrase above into concrete actions&#10;    throw new io.cucumber.java.PendingException();&#10;}&#10;@Then(&quot;o aluno deve possuir {int} moedas&quot;)&#10;public void o_aluno_deve_possuir_moedas(Integer int1) {&#10;    // Write code here that turns the phrase above into concrete actions&#10;    throw new io.cucumber.java.PendingException();&#10;}&#10;" type="io.cucumber.junit.platform.engine.UndefinedStepException"><![CDATA[io.cucumber.junit.platform.engine.UndefinedStepException: 
The step 'um aluno BASIC chamado "Weber" com 0 cursos concluídos, 0 créditos e 4 moedas' and 3 other step(s) are undefined.
You can implement these steps using the snippet(s) below:

@Given("um aluno BASIC chamado {string} com {int} cursos concluídos, {int} créditos e {int} moedas")
public void um_aluno_basic_chamado_com_cursos_concluídos_créditos_e_moedas(String string, Integer int1, Integer int2, Integer int3) {
    // Write code here that turns the phrase above into concrete actions
    throw new io.cucumber.java.PendingException();
}
@When("o aluno converte {int} moedas em créditos")
public void o_aluno_converte_moedas_em_créditos(Integer int1) {
    // Write code here that turns the phrase above into concrete actions
    throw new io.cucumber.java.PendingException();
}
@Then("o aluno deve possuir {int} créditos")
public void o_aluno_deve_possuir_créditos(Integer int1) {
    // Write code here that turns the phrase above into concrete actions
    throw new io.cucumber.java.PendingException();
}
@Then("o aluno deve possuir {int} moedas")
public void o_aluno_deve_possuir_moedas(Integer int1) {
    // Write code here that turns the phrase above into concrete actions
    throw new io.cucumber.java.PendingException();
}

	at io.cucumber.core.runtime.TestCaseResultObserver.assertTestCasePassed(TestCaseResultObserver.java:69)
	at io.cucumber.junit.platform.engine.TestCaseResultObserver.assertTestCasePassed(TestCaseResultObserver.java:22)
	at io.cucumber.junit.platform.engine.CucumberEngineExecutionContext.lambda$runTestCase$4(CucumberEngineExecutionContext.java:114)
	at io.cucumber.core.runtime.CucumberExecutionContext.lambda$runTestCase$5(CucumberExecutionContext.java:136)
	at io.cucumber.core.runtime.RethrowingThrowableCollector.executeAndThrow(RethrowingThrowableCollector.java:23)
	at io.cucumber.core.runtime.CucumberExecutionContext.runTestCase(CucumberExecutionContext.java:136)
	at io.cucumber.junit.platform.engine.CucumberEngineExecutionContext.runTestCase(CucumberEngineExecutionContext.java:109)
	at io.cucumber.junit.platform.engine.NodeDescriptor$PickleDescriptor.execute(NodeDescriptor.java:168)
	at io.cucumber.junit.platform.engine.NodeDescriptor$PickleDescriptor.execute(NodeDescriptor.java:90)
	at java.base/java.util.ArrayList.forEach(ArrayList.java:1511)
	at java.base/java.util.ArrayList.forEach(ArrayList.java:1511)
]]></error>
    <system-out><![CDATA[
Scenario: Converter 4 moedas em 2 créditos (Weber)                                    &amp#27;[90m# features/bonus_team.feature:9&amp#27;[0m
  &amp#27;[33mGiven &amp#27;[0m&amp#27;[33mum aluno BASIC chamado "Weber" com 0 cursos concluídos, 0 créditos e 4 moedas&amp#27;[0m
  &amp#27;[36mWhen &amp#27;[0m&amp#27;[36mo aluno converte 4 moedas em créditos&amp#27;[0m
  &amp#27;[36mThen &amp#27;[0m&amp#27;[36mo aluno deve possuir 2 créditos&amp#27;[0m
  &amp#27;[36mAnd &amp#27;[0m&amp#27;[36mo aluno deve possuir 0 moedas&amp#27;[0m
]]></system-out>
  </testcase>
  <testcase name="Bônus do grupo - BDD por integrante - Promoção para PREMIUM quando ultrapassa 12 cursos (Lucas)" classname="Bônus do grupo - BDD por integrante" time="0.011">
    <error message="The step &apos;um aluno BASIC chamado &quot;Lucas&quot; com 12 cursos concluídos e 0 créditos&apos; and 2 other step(s) are undefined.&#10;You can implement these steps using the snippet(s) below:&#10;&#10;@Given(&quot;um aluno BASIC chamado {string} com {int} cursos concluídos e {int} créditos&quot;)&#10;public void um_aluno_basic_chamado_com_cursos_concluídos_e_créditos(String string, Integer int1, Integer int2) {&#10;    // Write code here that turns the phrase above into concrete actions&#10;    throw new io.cucumber.java.PendingException();&#10;}&#10;@When(&quot;o aluno conclui {int} curso\\(s) com média {double}&quot;)&#10;public void o_aluno_conclui_curso_s_com_média(Integer int1, Double double1) {&#10;    // Write code here that turns the phrase above into concrete actions&#10;    throw new io.cucumber.java.PendingException();&#10;}&#10;@Then(&quot;o plano deve ser PREMIUM&quot;)&#10;public void o_plano_deve_ser_premium() {&#10;    // Write code here that turns the phrase above into concrete actions&#10;    throw new io.cucumber.java.PendingException();&#10;}&#10;" type="io.cucumber.junit.platform.engine.UndefinedStepException"><![CDATA[io.cucumber.junit.platform.engine.UndefinedStepException: 
The step 'um aluno BASIC chamado "Lucas" com 12 cursos concluídos e 0 créditos' and 2 other step(s) are undefined.
You can implement these steps using the snippet(s) below:

@Given("um aluno BASIC chamado {string} com {int} cursos concluídos e {int} créditos")
public void um_aluno_basic_chamado_com_cursos_concluídos_e_créditos(String string, Integer int1, Integer int2) {
    // Write code here that turns the phrase above into concrete actions
    throw new io.cucumber.java.PendingException();
}
@When("o aluno conclui {int} curso\\(s) com média {double}")
public void o_aluno_conclui_curso_s_com_média(Integer int1, Double double1) {
    // Write code here that turns the phrase above into concrete actions
    throw new io.cucumber.java.PendingException();
}
@Then("o plano deve ser PREMIUM")
public void o_plano_deve_ser_premium() {
    // Write code here that turns the phrase above into concrete actions
    throw new io.cucumber.java.PendingException();
}

	at io.cucumber.core.runtime.TestCaseResultObserver.assertTestCasePassed(TestCaseResultObserver.java:69)
	at io.cucumber.junit.platform.engine.TestCaseResultObserver.assertTestCasePassed(TestCaseResultObserver.java:22)
	at io.cucumber.junit.platform.engine.CucumberEngineExecutionContext.lambda$runTestCase$4(CucumberEngineExecutionContext.java:114)
	at io.cucumber.core.runtime.CucumberExecutionContext.lambda$runTestCase$5(CucumberExecutionContext.java:136)
	at io.cucumber.core.runtime.RethrowingThrowableCollector.executeAndThrow(RethrowingThrowableCollector.java:23)
	at io.cucumber.core.runtime.CucumberExecutionContext.runTestCase(CucumberExecutionContext.java:136)
	at io.cucumber.junit.platform.engine.CucumberEngineExecutionContext.runTestCase(CucumberEngineExecutionContext.java:109)
	at io.cucumber.junit.platform.engine.NodeDescriptor$PickleDescriptor.execute(NodeDescriptor.java:168)
	at io.cucumber.junit.platform.engine.NodeDescriptor$PickleDescriptor.execute(NodeDescriptor.java:90)
	at java.base/java.util.ArrayList.forEach(ArrayList.java:1511)
	at java.base/java.util.ArrayList.forEach(ArrayList.java:1511)
]]></error>
    <system-out><![CDATA[
Scenario: Promoção para PREMIUM quando ultrapassa 12 cursos (Lucas)          &amp#27;[90m# features/bonus_team.feature:15&amp#27;[0m
  &amp#27;[33mGiven &amp#27;[0m&amp#27;[33mum aluno BASIC chamado "Lucas" com 12 cursos concluídos e 0 créditos&amp#27;[0m
  &amp#27;[36mWhen &amp#27;[0m&amp#27;[36mo aluno conclui 1 curso(s) com média 8.0&amp#27;[0m
  &amp#27;[36mThen &amp#27;[0m&amp#27;[36mo plano deve ser PREMIUM&amp#27;[0m
]]></system-out>
  </testcase>
  <testcase name="Bônus do grupo - BDD por integrante - Ganhar 5 créditos com média &gt;= 9.0 (Tales)" classname="Bônus do grupo - BDD por integrante" time="0.031">
    <error message="The step &apos;um aluno BASIC chamado &quot;Tales&quot; com 0 cursos concluídos e 0 créditos&apos; and 4 other step(s) are undefined.&#10;You can implement these steps using the snippet(s) below:&#10;&#10;@Given(&quot;um aluno BASIC chamado {string} com {int} cursos concluídos e {int} créditos&quot;)&#10;public void um_aluno_basic_chamado_com_cursos_concluídos_e_créditos(String string, Integer int1, Integer int2) {&#10;    // Write code here that turns the phrase above into concrete actions&#10;    throw new io.cucumber.java.PendingException();&#10;}&#10;@When(&quot;o aluno conclui {int} curso\\(s) com média {double}&quot;)&#10;public void o_aluno_conclui_curso_s_com_média(Integer int1, Double double1) {&#10;    // Write code here that turns the phrase above into concrete actions&#10;    throw new io.cucumber.java.PendingException();&#10;}&#10;@Then(&quot;o aluno deve possuir {int} curso concluído&quot;)&#10;public void o_aluno_deve_possuir_curso_concluído(Integer int1) {&#10;    // Write code here that turns the phrase above into concrete actions&#10;    throw new io.cucumber.java.PendingException();&#10;}&#10;@Then(&quot;o aluno deve possuir {int} créditos&quot;)&#10;public void o_aluno_deve_possuir_créditos(Integer int1) {&#10;    // Write code here that turns the phrase above into concrete actions&#10;    throw new io.cucumber.java.PendingException();&#10;}&#10;@Then(&quot;o plano deve ser BASIC&quot;)&#10;public void o_plano_deve_ser_basic() {&#10;    // Write code here that turns the phrase above into concrete actions&#10;    throw new io.cucumber.java.PendingException();&#10;}&#10;" type="io.cucumber.junit.platform.engine.UndefinedStepException"><![CDATA[io.cucumber.junit.platform.engine.UndefinedStepException: 
The step 'um aluno BASIC chamado "Tales" com 0 cursos concluídos e 0 créditos' and 4 other step(s) are undefined.
You can implement these steps using the snippet(s) below:

@Given("um aluno BASIC chamado {string} com {int} cursos concluídos e {int} créditos")
public void um_aluno_basic_chamado_com_cursos_concluídos_e_créditos(String string, Integer int1, Integer int2) {
    // Write code here that turns the phrase above into concrete actions
    throw new io.cucumber.java.PendingException();
}
@When("o aluno conclui {int} curso\\(s) com média {double}")
public void o_aluno_conclui_curso_s_com_média(Integer int1, Double double1) {
    // Write code here that turns the phrase above into concrete actions
    throw new io.cucumber.java.PendingException();
}
@Then("o aluno deve possuir {int} curso concluído")
public void o_aluno_deve_possuir_curso_concluído(Integer int1) {
    // Write code here that turns the phrase above into concrete actions
    throw new io.cucumber.java.PendingException();
}
@Then("o aluno deve possuir {int} créditos")
public void o_aluno_deve_possuir_créditos(Integer int1) {
    // Write code here that turns the phrase above into concrete actions
    throw new io.cucumber.java.PendingException();
}
@Then("o plano deve ser BASIC")
public void o_plano_deve_ser_basic() {
    // Write code here that turns the phrase above into concrete actions
    throw new io.cucumber.java.PendingException();
}

	at io.cucumber.core.runtime.TestCaseResultObserver.assertTestCasePassed(TestCaseResultObserver.java:69)
	at io.cucumber.junit.platform.engine.TestCaseResultObserver.assertTestCasePassed(TestCaseResultObserver.java:22)
	at io.cucumber.junit.platform.engine.CucumberEngineExecutionContext.lambda$runTestCase$4(CucumberEngineExecutionContext.java:114)
	at io.cucumber.core.runtime.CucumberExecutionContext.lambda$runTestCase$5(CucumberExecutionContext.java:136)
	at io.cucumber.core.runtime.RethrowingThrowableCollector.executeAndThrow(RethrowingThrowableCollector.java:23)
	at io.cucumber.core.runtime.CucumberExecutionContext.runTestCase(CucumberExecutionContext.java:136)
	at io.cucumber.junit.platform.engine.CucumberEngineExecutionContext.runTestCase(CucumberEngineExecutionContext.java:109)
	at io.cucumber.junit.platform.engine.NodeDescriptor$PickleDescriptor.execute(NodeDescriptor.java:168)
	at io.cucumber.junit.platform.engine.NodeDescriptor$PickleDescriptor.execute(NodeDescriptor.java:90)
	at java.base/java.util.ArrayList.forEach(ArrayList.java:1511)
	at java.base/java.util.ArrayList.forEach(ArrayList.java:1511)
]]></error>
    <system-out><![CDATA[
Scenario: Ganhar 5 créditos com média >= 9.0 (Tales)                        &amp#27;[90m# features/bonus_team.feature:20&amp#27;[0m
  &amp#27;[33mGiven &amp#27;[0m&amp#27;[33mum aluno BASIC chamado "Tales" com 0 cursos concluídos e 0 créditos&amp#27;[0m
  &amp#27;[36mWhen &amp#27;[0m&amp#27;[36mo aluno conclui 1 curso(s) com média 9.1&amp#27;[0m
  &amp#27;[36mThen &amp#27;[0m&amp#27;[36mo aluno deve possuir 1 curso concluído&amp#27;[0m
  &amp#27;[36mAnd &amp#27;[0m&amp#27;[36mo aluno deve possuir 5 créditos&amp#27;[0m
  &amp#27;[36mAnd &amp#27;[0m&amp#27;[36mo plano deve ser BASIC&amp#27;[0m
]]></system-out>
  </testcase>
  <testcase name="Matrícula em curso usando créditos ou voucher - Matricular consumindo 1 crédito" classname="Matrícula em curso usando créditos ou voucher" time="0.018">
    <error message="The step &apos;um aluno BASIC chamado &quot;Ana&quot; com 0 cursos concluídos e 2 créditos&apos; and 3 other step(s) are undefined.&#10;You can implement these steps using the snippet(s) below:&#10;&#10;@Given(&quot;um aluno BASIC chamado {string} com {int} cursos concluídos e {int} créditos&quot;)&#10;public void um_aluno_basic_chamado_com_cursos_concluídos_e_créditos(String string, Integer int1, Integer int2) {&#10;    // Write code here that turns the phrase above into concrete actions&#10;    throw new io.cucumber.java.PendingException();&#10;}&#10;@When(&quot;o aluno se matricula no curso {string} sem voucher&quot;)&#10;public void o_aluno_se_matricula_no_curso_sem_voucher(String string) {&#10;    // Write code here that turns the phrase above into concrete actions&#10;    throw new io.cucumber.java.PendingException();&#10;}&#10;@Then(&quot;a matrícula deve ser aceita com o código {string}&quot;)&#10;public void a_matrícula_deve_ser_aceita_com_o_código(String string) {&#10;    // Write code here that turns the phrase above into concrete actions&#10;    throw new io.cucumber.java.PendingException();&#10;}&#10;@Then(&quot;o aluno deve possuir {int} crédito&quot;)&#10;public void o_aluno_deve_possuir_crédito(Integer int1) {&#10;    // Write code here that turns the phrase above into concrete actions&#10;    throw new io.cucumber.java.PendingException();&#10;}&#10;" type="io.cucumber.junit.platform.engine.UndefinedStepException"><![CDATA[io.cucumber.junit.platform.engine.UndefinedStepException: 
The step 'um aluno BASIC chamado "Ana" com 0 cursos concluídos e 2 créditos' and 3 other step(s) are undefined.
You can implement these steps using the snippet(s) below:

@Given("um aluno BASIC chamado {string} com {int} cursos concluídos e {int} créditos")
public void um_aluno_basic_chamado_com_cursos_concluídos_e_créditos(String string, Integer int1, Integer int2) {
    // Write code here that turns the phrase above into concrete actions
    throw new io.cucumber.java.PendingException();
}
@When("o aluno se matricula no curso {string} sem voucher")
public void o_aluno_se_matricula_no_curso_sem_voucher(String string) {
    // Write code here that turns the phrase above into concrete actions
    throw new io.cucumber.java.PendingException();
}
@Then("a matrícula deve ser aceita com o código {string}")
public void a_matrícula_deve_ser_aceita_com_o_código(String string) {
    // Write code here that turns the phrase above into concrete actions
    throw new io.cucumber.java.PendingException();
}
@Then("o aluno deve possuir {int} crédito")
public void o_aluno_deve_possuir_crédito(Integer int1) {
    // Write code here that turns the phrase above into concrete actions
    throw new io.cucumber.java.PendingException();
}

	at io.cucumber.core.runtime.TestCaseResultObserver.assertTestCasePassed(TestCaseResultObserver.java:69)
	at io.cucumber.junit.platform.engine.TestCaseResultObserver.assertTestCasePassed(TestCaseResultObserver.java:22)
	at io.cucumber.junit.platform.engine.CucumberEngineExecutionContext.lambda$runTestCase$4(CucumberEngineExecutionContext.java:114)
	at io.cucumber.core.runtime.CucumberExecutionContext.lambda$runTestCase$5(CucumberExecutionContext.java:136)
	at io.cucumber.core.runtime.RethrowingThrowableCollector.executeAndThrow(RethrowingThrowableCollector.java:23)
	at io.cucumber.core.runtime.CucumberExecutionContext.runTestCase(CucumberExecutionContext.java:136)
	at io.cucumber.junit.platform.engine.CucumberEngineExecutionContext.runTestCase(CucumberEngineExecutionContext.java:109)
	at io.cucumber.junit.platform.engine.NodeDescriptor$PickleDescriptor.execute(NodeDescriptor.java:168)
	at io.cucumber.junit.platform.engine.NodeDescriptor$PickleDescriptor.execute(NodeDescriptor.java:90)
	at java.base/java.util.ArrayList.forEach(ArrayList.java:1511)
	at java.base/java.util.ArrayList.forEach(ArrayList.java:1511)
]]></error>
    <system-out><![CDATA[
Scenario: Matricular consumindo 1 crédito                                 &amp#27;[90m# features/enrollment.feature:3&amp#27;[0m
  &amp#27;[33mGiven &amp#27;[0m&amp#27;[33mum aluno BASIC chamado "Ana" com 0 cursos concluídos e 2 créditos&amp#27;[0m
  &amp#27;[36mWhen &amp#27;[0m&amp#27;[36mo aluno se matricula no curso "ML-101" sem voucher&amp#27;[0m
  &amp#27;[36mThen &amp#27;[0m&amp#27;[36ma matrícula deve ser aceita com o código "ML-101"&amp#27;[0m
  &amp#27;[36mAnd &amp#27;[0m&amp#27;[36mo aluno deve possuir 1 crédito&amp#27;[0m
]]></system-out>
  </testcase>
  <testcase name="Matrícula em curso usando créditos ou voucher - Impedir matrícula sem créditos nem voucher" classname="Matrícula em curso usando créditos ou voucher" time="0.01">
    <error message="The step &apos;um aluno BASIC chamado &quot;Bruno&quot; com 0 cursos concluídos e 0 créditos&apos; and 2 other step(s) are undefined.&#10;You can implement these steps using the snippet(s) below:&#10;&#10;@Given(&quot;um aluno BASIC chamado {string} com {int} cursos concluídos e {int} créditos&quot;)&#10;public void um_aluno_basic_chamado_com_cursos_concluídos_e_créditos(String string, Integer int1, Integer int2) {&#10;    // Write code here that turns the phrase above into concrete actions&#10;    throw new io.cucumber.java.PendingException();&#10;}&#10;@When(&quot;o aluno tenta se matricular no curso {string} sem voucher&quot;)&#10;public void o_aluno_tenta_se_matricular_no_curso_sem_voucher(String string) {&#10;    // Write code here that turns the phrase above into concrete actions&#10;    throw new io.cucumber.java.PendingException();&#10;}&#10;@Then(&quot;a matrícula deve ser rejeitada com o motivo {string}&quot;)&#10;public void a_matrícula_deve_ser_rejeitada_com_o_motivo(String string) {&#10;    // Write code here that turns the phrase above into concrete actions&#10;    throw new io.cucumber.java.PendingException();&#10;}&#10;" type="io.cucumber.junit.platform.engine.UndefinedStepException"><![CDATA[io.cucumber.junit.platform.engine.UndefinedStepException: 
The step 'um aluno BASIC chamado "Bruno" com 0 cursos concluídos e 0 créditos' and 2 other step(s) are undefined.
You can implement these steps using the snippet(s) below:

@Given("um aluno BASIC chamado {string} com {int} cursos concluídos e {int} créditos")
public void um_aluno_basic_chamado_com_cursos_concluídos_e_créditos(String string, Integer int1, Integer int2) {
    // Write code here that turns the phrase above into concrete actions
    throw new io.cucumber.java.PendingException();
}
@When("o aluno tenta se matricular no curso {string} sem voucher")
public void o_aluno_tenta_se_matricular_no_curso_sem_voucher(String string) {
    // Write code here that turns the phrase above into concrete actions
    throw new io.cucumber.java.PendingException();
}
@Then("a matrícula deve ser rejeitada com o motivo {string}")
public void a_matrícula_deve_ser_rejeitada_com_o_motivo(String string) {
    // Write code here that turns the phrase above into concrete actions
    throw new io.cucumber.java.PendingException();
}

	at io.cucumber.core.runtime.TestCaseResultObserver.assertTestCasePassed(TestCaseResultObserver.java:69)
	at io.cucumber.junit.platform.engine.TestCaseResultObserver.assertTestCasePassed(TestCaseResultObserver.java:22)
	at io.cucumber.junit.platform.engine.CucumberEngineExecutionContext.lambda$runTestCase$4(CucumberEngineExecutionContext.java:114)
	at io.cucumber.core.runtime.CucumberExecutionContext.lambda$runTestCase$5(CucumberExecutionContext.java:136)
	at io.cucumber.core.runtime.RethrowingThrowableCollector.executeAndThrow(RethrowingThrowableCollector.java:23)
	at io.cucumber.core.runtime.CucumberExecutionContext.runTestCase(CucumberExecutionContext.java:136)
	at io.cucumber.junit.platform.engine.CucumberEngineExecutionContext.runTestCase(CucumberEngineExecutionContext.java:109)
	at io.cucumber.junit.platform.engine.NodeDescriptor$PickleDescriptor.execute(NodeDescriptor.java:168)
	at io.cucumber.junit.platform.engine.NodeDescriptor$PickleDescriptor.execute(NodeDescriptor.java:90)
	at java.base/java.util.ArrayList.forEach(ArrayList.java:1511)
	at java.base/java.util.ArrayList.forEach(ArrayList.java:1511)
]]></error>
    <system-out><![CDATA[
Scenario: Impedir matrícula sem créditos nem voucher                                &amp#27;[90m# features/enrollment.feature:9&amp#27;[0m
  &amp#27;[33mGiven &amp#27;[0m&amp#27;[33mum aluno BASIC chamado "Bruno" com 0 cursos concluídos e 0 créditos&amp#27;[0m
  &amp#27;[36mWhen &amp#27;[0m&amp#27;[36mo aluno tenta se matricular no curso "DS-201" sem voucher&amp#27;[0m
  &amp#27;[36mThen &amp#27;[0m&amp#27;[36ma matrícula deve ser rejeitada com o motivo "INSUFFICIENT_CREDIT_OR_VOUCHER"&amp#27;[0m
]]></system-out>
  </testcase>
  <testcase name="Matrícula em curso usando créditos ou voucher - Voucher não consome crédito" classname="Matrícula em curso usando créditos ou voucher" time="0.012">
    <error message="The step &apos;um aluno BASIC chamado &quot;Aluno&quot; com 0 cursos concluídos e 2 créditos&apos; and 3 other step(s) are undefined.&#10;You can implement these steps using the snippet(s) below:&#10;&#10;@Given(&quot;um aluno BASIC chamado {string} com {int} cursos concluídos e {int} créditos&quot;)&#10;public void um_aluno_basic_chamado_com_cursos_concluídos_e_créditos(String string, Integer int1, Integer int2) {&#10;    // Write code here that turns the phrase above into concrete actions&#10;    throw new io.cucumber.java.PendingException();&#10;}&#10;@When(&quot;o aluno se matricula no curso {string} usando voucher&quot;)&#10;public void o_aluno_se_matricula_no_curso_usando_voucher(String string) {&#10;    // Write code here that turns the phrase above into concrete actions&#10;    throw new io.cucumber.java.PendingException();&#10;}&#10;@Then(&quot;a matrícula deve ser aceita com o código {string}&quot;)&#10;public void a_matrícula_deve_ser_aceita_com_o_código(String string) {&#10;    // Write code here that turns the phrase above into concrete actions&#10;    throw new io.cucumber.java.PendingException();&#10;}&#10;@Then(&quot;o aluno deve possuir {int} créditos&quot;)&#10;public void o_aluno_deve_possuir_créditos(Integer int1) {&#10;    // Write code here that turns the phrase above into concrete actions&#10;    throw new io.cucumber.java.PendingException();&#10;}&#10;" type="io.cucumber.junit.platform.engine.UndefinedStepException"><![CDATA[io.cucumber.junit.platform.engine.UndefinedStepException: 
The step 'um aluno BASIC chamado "Aluno" com 0 cursos concluídos e 2 créditos' and 3 other step(s) are undefined.
You can implement these steps using the snippet(s) below:

@Given("um aluno BASIC chamado {string} com {int} cursos concluídos e {int} créditos")
public void um_aluno_basic_chamado_com_cursos_concluídos_e_créditos(String string, Integer int1, Integer int2) {
    // Write code here that turns the phrase above into concrete actions
    throw new io.cucumber.java.PendingException();
}
@When("o aluno se matricula no curso {string} usando voucher")
public void o_aluno_se_matricula_no_curso_usando_voucher(String string) {
    // Write code here that turns the phrase above into concrete actions
    throw new io.cucumber.java.PendingException();
}
@Then("a matrícula deve ser aceita com o código {string}")
public void a_matrícula_deve_ser_aceita_com_o_código(String string) {
    // Write code here that turns the phrase above into concrete actions
    throw new io.cucumber.java.PendingException();
}
@Then("o aluno deve possuir {int} créditos")
public void o_aluno_deve_possuir_créditos(Integer int1) {
    // Write code here that turns the phrase above into concrete actions
    throw new io.cucumber.java.PendingException();
}

	at io.cucumber.core.runtime.TestCaseResultObserver.assertTestCasePassed(TestCaseResultObserver.java:69)
	at io.cucumber.junit.platform.engine.TestCaseResultObserver.assertTestCasePassed(TestCaseResultObserver.java:22)
	at io.cucumber.junit.platform.engine.CucumberEngineExecutionContext.lambda$runTestCase$4(CucumberEngineExecutionContext.java:114)
	at io.cucumber.core.runtime.CucumberExecutionContext.lambda$runTestCase$5(CucumberExecutionContext.java:136)
	at io.cucumber.core.runtime.RethrowingThrowableCollector.executeAndThrow(RethrowingThrowableCollector.java:23)
	at io.cucumber.core.runtime.CucumberExecutionContext.runTestCase(CucumberExecutionContext.java:136)
	at io.cucumber.junit.platform.engine.CucumberEngineExecutionContext.runTestCase(CucumberEngineExecutionContext.java:109)
	at io.cucumber.junit.platform.engine.NodeDescriptor$PickleDescriptor.execute(NodeDescriptor.java:168)
	at io.cucumber.junit.platform.engine.NodeDescriptor$PickleDescriptor.execute(NodeDescriptor.java:90)
	at java.base/java.util.ArrayList.forEach(ArrayList.java:1511)
	at java.base/java.util.ArrayList.forEach(ArrayList.java:1511)
]]></error>
    <system-out><![CDATA[
Scenario: Voucher não consome crédito                                       &amp#27;[90m# features/enrollment.feature:14&amp#27;[0m
  &amp#27;[33mGiven &amp#27;[0m&amp#27;[33mum aluno BASIC chamado "Aluno" com 0 cursos concluídos e 2 créditos&amp#27;[0m
  &amp#27;[36mWhen &amp#27;[0m&amp#27;[36mo aluno se matricula no curso "ML-101" usando voucher&amp#27;[0m
  &amp#27;[36mThen &amp#27;[0m&amp#27;[36ma matrícula deve ser aceita com o código "ML-101"&amp#27;[0m
  &amp#27;[36mAnd &amp#27;[0m&amp#27;[36mo aluno deve possuir 2 créditos&amp#27;[0m
]]></system-out>
  </testcase>
  <testcase name="Progressão de assinatura por desempenho e contribuição - Ganhar 5 créditos com média &gt;= 9.0" classname="Progressão de assinatura por desempenho e contribuição" time="0.015">
    <error message="The step &apos;um aluno BASIC chamado &quot;Tales&quot; com 0 cursos concluídos e 0 créditos&apos; and 4 other step(s) are undefined.&#10;You can implement these steps using the snippet(s) below:&#10;&#10;@Given(&quot;um aluno BASIC chamado {string} com {int} cursos concluídos e {int} créditos&quot;)&#10;public void um_aluno_basic_chamado_com_cursos_concluídos_e_créditos(String string, Integer int1, Integer int2) {&#10;    // Write code here that turns the phrase above into concrete actions&#10;    throw new io.cucumber.java.PendingException();&#10;}&#10;@When(&quot;o aluno conclui {int} curso\\(s) com média {double}&quot;)&#10;public void o_aluno_conclui_curso_s_com_média(Integer int1, Double double1) {&#10;    // Write code here that turns the phrase above into concrete actions&#10;    throw new io.cucumber.java.PendingException();&#10;}&#10;@Then(&quot;o aluno deve possuir {int} curso concluído&quot;)&#10;public void o_aluno_deve_possuir_curso_concluído(Integer int1) {&#10;    // Write code here that turns the phrase above into concrete actions&#10;    throw new io.cucumber.java.PendingException();&#10;}&#10;@Then(&quot;o aluno deve possuir {int} créditos&quot;)&#10;public void o_aluno_deve_possuir_créditos(Integer int1) {&#10;    // Write code here that turns the phrase above into concrete actions&#10;    throw new io.cucumber.java.PendingException();&#10;}&#10;@Then(&quot;o plano deve ser BASIC&quot;)&#10;public void o_plano_deve_ser_basic() {&#10;    // Write code here that turns the phrase above into concrete actions&#10;    throw new io.cucumber.java.PendingException();&#10;}&#10;" type="io.cucumber.junit.platform.engine.UndefinedStepException"><![CDATA[io.cucumber.junit.platform.engine.UndefinedStepException: 
The step 'um aluno BASIC chamado "Tales" com 0 cursos concluídos e 0 créditos' and 4 other step(s) are undefined.
You can implement these steps using the snippet(s) below:

@Given("um aluno BASIC chamado {string} com {int} cursos concluídos e {int} créditos")
public void um_aluno_basic_chamado_com_cursos_concluídos_e_créditos(String string, Integer int1, Integer int2) {
    // Write code here that turns the phrase above into concrete actions
    throw new io.cucumber.java.PendingException();
}
@When("o aluno conclui {int} curso\\(s) com média {double}")
public void o_aluno_conclui_curso_s_com_média(Integer int1, Double double1) {
    // Write code here that turns the phrase above into concrete actions
    throw new io.cucumber.java.PendingException();
}
@Then("o aluno deve possuir {int} curso concluído")
public void o_aluno_deve_possuir_curso_concluído(Integer int1) {
    // Write code here that turns the phrase above into concrete actions
    throw new io.cucumber.java.PendingException();
}
@Then("o aluno deve possuir {int} créditos")
public void o_aluno_deve_possuir_créditos(Integer int1) {
    // Write code here that turns the phrase above into concrete actions
    throw new io.cucumber.java.PendingException();
}
@Then("o plano deve ser BASIC")
public void o_plano_deve_ser_basic() {
    // Write code here that turns the phrase above into concrete actions
    throw new io.cucumber.java.PendingException();
}

	at io.cucumber.core.runtime.TestCaseResultObserver.assertTestCasePassed(TestCaseResultObserver.java:69)
	at io.cucumber.junit.platform.engine.TestCaseResultObserver.assertTestCasePassed(TestCaseResultObserver.java:22)
	at io.cucumber.junit.platform.engine.CucumberEngineExecutionContext.lambda$runTestCase$4(CucumberEngineExecutionContext.java:114)
	at io.cucumber.core.runtime.CucumberExecutionContext.lambda$runTestCase$5(CucumberExecutionContext.java:136)
	at io.cucumber.core.runtime.RethrowingThrowableCollector.executeAndThrow(RethrowingThrowableCollector.java:23)
	at io.cucumber.core.runtime.CucumberExecutionContext.runTestCase(CucumberExecutionContext.java:136)
	at io.cucumber.junit.platform.engine.CucumberEngineExecutionContext.runTestCase(CucumberEngineExecutionContext.java:109)
	at io.cucumber.junit.platform.engine.NodeDescriptor$PickleDescriptor.execute(NodeDescriptor.java:168)
	at io.cucumber.junit.platform.engine.NodeDescriptor$PickleDescriptor.execute(NodeDescriptor.java:90)
	at java.base/java.util.ArrayList.forEach(ArrayList.java:1511)
	at java.base/java.util.ArrayList.forEach(ArrayList.java:1511)
]]></error>
    <system-out><![CDATA[
Scenario: Ganhar 5 créditos com média >= 9.0                                &amp#27;[90m# features/subscription_progress.feature:3&amp#27;[0m
  &amp#27;[33mGiven &amp#27;[0m&amp#27;[33mum aluno BASIC chamado "Tales" com 0 cursos concluídos e 0 créditos&amp#27;[0m
  &amp#27;[36mWhen &amp#27;[0m&amp#27;[36mo aluno conclui 1 curso(s) com média 9.1&amp#27;[0m
  &amp#27;[36mThen &amp#27;[0m&amp#27;[36mo aluno deve possuir 1 curso concluído&amp#27;[0m
  &amp#27;[36mAnd &amp#27;[0m&amp#27;[36mo aluno deve possuir 5 créditos&amp#27;[0m
  &amp#27;[36mAnd &amp#27;[0m&amp#27;[36mo plano deve ser BASIC&amp#27;[0m
]]></system-out>
  </testcase>
  <testcase name="Progressão de assinatura por desempenho e contribuição - Ganhar 3 créditos com 7.0 &lt;= média &lt; 9.0" classname="Progressão de assinatura por desempenho e contribuição" time="0.011">
    <error message="The step &apos;um aluno BASIC chamado &quot;Tales&quot; com 0 cursos concluídos e 0 créditos&apos; and 2 other step(s) are undefined.&#10;You can implement these steps using the snippet(s) below:&#10;&#10;@Given(&quot;um aluno BASIC chamado {string} com {int} cursos concluídos e {int} créditos&quot;)&#10;public void um_aluno_basic_chamado_com_cursos_concluídos_e_créditos(String string, Integer int1, Integer int2) {&#10;    // Write code here that turns the phrase above into concrete actions&#10;    throw new io.cucumber.java.PendingException();&#10;}&#10;@When(&quot;o aluno conclui {int} curso\\(s) com média {double}&quot;)&#10;public void o_aluno_conclui_curso_s_com_média(Integer int1, Double double1) {&#10;    // Write code here that turns the phrase above into concrete actions&#10;    throw new io.cucumber.java.PendingException();&#10;}&#10;@Then(&quot;o aluno deve possuir {int} créditos&quot;)&#10;public void o_aluno_deve_possuir_créditos(Integer int1) {&#10;    // Write code here that turns the phrase above into concrete actions&#10;    throw new io.cucumber.java.PendingException();&#10;}&#10;" type="io.cucumber.junit.platform.engine.UndefinedStepException"><![CDATA[io.cucumber.junit.platform.engine.UndefinedStepException: 
The step 'um aluno BASIC chamado "Tales" com 0 cursos concluídos e 0 créditos' and 2 other step(s) are undefined.
You can implement these steps using the snippet(s) below:

@Given("um aluno BASIC chamado {string} com {int} cursos concluídos e {int} créditos")
public void um_aluno_basic_chamado_com_cursos_concluídos_e_créditos(String string, Integer int1, Integer int2) {
    // Write code here that turns the phrase above into concrete actions
    throw new io.cucumber.java.PendingException();
}
@When("o aluno conclui {int} curso\\(s) com média {double}")
public void o_aluno_conclui_curso_s_com_média(Integer int1, Double double1) {
    // Write code here that turns the phrase above into concrete actions
    throw new io.cucumber.java.PendingException();
}
@Then("o aluno deve possuir {int} créditos")
public void o_aluno_deve_possuir_créditos(Integer int1) {
    // Write code here that turns the phrase above into concrete actions
    throw new io.cucumber.java.PendingException();
}

	at io.cucumber.core.runtime.TestCaseResultObserver.assertTestCasePassed(TestCaseResultObserver.java:69)
	at io.cucumber.junit.platform.engine.TestCaseResultObserver.assertTestCasePassed(TestCaseResultObserver.java:22)
	at io.cucumber.junit.platform.engine.CucumberEngineExecutionContext.lambda$runTestCase$4(CucumberEngineExecutionContext.java:114)
	at io.cucumber.core.runtime.CucumberExecutionContext.lambda$runTestCase$5(CucumberExecutionContext.java:136)
	at io.cucumber.core.runtime.RethrowingThrowableCollector.executeAndThrow(RethrowingThrowableCollector.java:23)
	at io.cucumber.core.runtime.CucumberExecutionContext.runTestCase(CucumberExecutionContext.java:136)
	at io.cucumber.junit.platform.engine.CucumberEngineExecutionContext.runTestCase(CucumberEngineExecutionContext.java:109)
	at io.cucumber.junit.platform.engine.NodeDescriptor$PickleDescriptor.execute(NodeDescriptor.java:168)
	at io.cucumber.junit.platform.engine.NodeDescriptor$PickleDescriptor.execute(NodeDescriptor.java:90)
	at java.base/java.util.ArrayList.forEach(ArrayList.java:1511)
	at java.base/java.util.ArrayList.forEach(ArrayList.java:1511)
]]></error>
    <system-out><![CDATA[
Scenario: Ganhar 3 créditos com 7.0 <= média < 9.0                          &amp#27;[90m# features/subscription_progress.feature:10&amp#27;[0m
  &amp#27;[33mGiven &amp#27;[0m&amp#27;[33mum aluno BASIC chamado "Tales" com 0 cursos concluídos e 0 créditos&amp#27;[0m
  &amp#27;[36mWhen &amp#27;[0m&amp#27;[36mo aluno conclui 1 curso(s) com média 7.3&amp#27;[0m
  &amp#27;[36mThen &amp#27;[0m&amp#27;[36mo aluno deve possuir 3 créditos&amp#27;[0m
]]></system-out>
  </testcase>
  <testcase name="Progressão de assinatura por desempenho e contribuição - Converter moedas em créditos (2:1)" classname="Progressão de assinatura por desempenho e contribuição" time="0.012">
    <error message="The step &apos;um aluno BASIC chamado &quot;Weber&quot; com 0 cursos concluídos, 0 créditos e 4 moedas&apos; and 3 other step(s) are undefined.&#10;You can implement these steps using the snippet(s) below:&#10;&#10;@Given(&quot;um aluno BASIC chamado {string} com {int} cursos concluídos, {int} créditos e {int} moedas&quot;)&#10;public void um_aluno_basic_chamado_com_cursos_concluídos_créditos_e_moedas(String string, Integer int1, Integer int2, Integer int3) {&#10;    // Write code here that turns the phrase above into concrete actions&#10;    throw new io.cucumber.java.PendingException();&#10;}&#10;@When(&quot;o aluno converte {int} moedas em créditos&quot;)&#10;public void o_aluno_converte_moedas_em_créditos(Integer int1) {&#10;    // Write code here that turns the phrase above into concrete actions&#10;    throw new io.cucumber.java.PendingException();&#10;}&#10;@Then(&quot;o aluno deve possuir {int} créditos&quot;)&#10;public void o_aluno_deve_possuir_créditos(Integer int1) {&#10;    // Write code here that turns the phrase above into concrete actions&#10;    throw new io.cucumber.java.PendingException();&#10;}&#10;@Then(&quot;o aluno deve possuir {int} moedas&quot;)&#10;public void o_aluno_deve_possuir_moedas(Integer int1) {&#10;    // Write code here that turns the phrase above into concrete actions&#10;    throw new io.cucumber.java.PendingException();&#10;}&#10;" type="io.cucumber.junit.platform.engine.UndefinedStepException"><![CDATA[io.cucumber.junit.platform.engine.UndefinedStepException: 
The step 'um aluno BASIC chamado "Weber" com 0 cursos concluídos, 0 créditos e 4 moedas' and 3 other step(s) are undefined.
You can implement these steps using the snippet(s) below:

@Given("um aluno BASIC chamado {string} com {int} cursos concluídos, {int} créditos e {int} moedas")
public void um_aluno_basic_chamado_com_cursos_concluídos_créditos_e_moedas(String string, Integer int1, Integer int2, Integer int3) {
    // Write code here that turns the phrase above into concrete actions
    throw new io.cucumber.java.PendingException();
}
@When("o aluno converte {int} moedas em créditos")
public void o_aluno_converte_moedas_em_créditos(Integer int1) {
    // Write code here that turns the phrase above into concrete actions
    throw new io.cucumber.java.PendingException();
}
@Then("o aluno deve possuir {int} créditos")
public void o_aluno_deve_possuir_créditos(Integer int1) {
    // Write code here that turns the phrase above into concrete actions
    throw new io.cucumber.java.PendingException();
}
@Then("o aluno deve possuir {int} moedas")
public void o_aluno_deve_possuir_moedas(Integer int1) {
    // Write code here that turns the phrase above into concrete actions
    throw new io.cucumber.java.PendingException();
}

	at io.cucumber.core.runtime.TestCaseResultObserver.assertTestCasePassed(TestCaseResultObserver.java:69)
	at io.cucumber.junit.platform.engine.TestCaseResultObserver.assertTestCasePassed(TestCaseResultObserver.java:22)
	at io.cucumber.junit.platform.engine.CucumberEngineExecutionContext.lambda$runTestCase$4(CucumberEngineExecutionContext.java:114)
	at io.cucumber.core.runtime.CucumberExecutionContext.lambda$runTestCase$5(CucumberExecutionContext.java:136)
	at io.cucumber.core.runtime.RethrowingThrowableCollector.executeAndThrow(RethrowingThrowableCollector.java:23)
	at io.cucumber.core.runtime.CucumberExecutionContext.runTestCase(CucumberExecutionContext.java:136)
	at io.cucumber.junit.platform.engine.CucumberEngineExecutionContext.runTestCase(CucumberEngineExecutionContext.java:109)
	at io.cucumber.junit.platform.engine.NodeDescriptor$PickleDescriptor.execute(NodeDescriptor.java:168)
	at io.cucumber.junit.platform.engine.NodeDescriptor$PickleDescriptor.execute(NodeDescriptor.java:90)
	at java.base/java.util.ArrayList.forEach(ArrayList.java:1511)
	at java.base/java.util.ArrayList.forEach(ArrayList.java:1511)
]]></error>
    <system-out><![CDATA[
Scenario: Converter moedas em créditos (2:1)                                          &amp#27;[90m# features/subscription_progress.feature:15&amp#27;[0m
  &amp#27;[33mGiven &amp#27;[0m&amp#27;[33mum aluno BASIC chamado "Weber" com 0 cursos concluídos, 0 créditos e 4 moedas&amp#27;[0m
  &amp#27;[36mWhen &amp#27;[0m&amp#27;[36mo aluno converte 4 moedas em créditos&amp#27;[0m
  &amp#27;[36mThen &amp#27;[0m&amp#27;[36mo aluno deve possuir 2 créditos&amp#27;[0m
  &amp#27;[36mAnd &amp#27;[0m&amp#27;[36mo aluno deve possuir 0 moedas&amp#27;[0m
]]></system-out>
  </testcase>
  <testcase name="Progressão de assinatura por desempenho e contribuição - Promoção para PREMIUM só quando &gt; 12 cursos" classname="Progressão de assinatura por desempenho e contribuição" time="0.014">
    <error message="The step &apos;um aluno BASIC chamado &quot;Lucas&quot; com 12 cursos concluídos e 0 créditos&apos; and 2 other step(s) are undefined.&#10;You can implement these steps using the snippet(s) below:&#10;&#10;@Given(&quot;um aluno BASIC chamado {string} com {int} cursos concluídos e {int} créditos&quot;)&#10;public void um_aluno_basic_chamado_com_cursos_concluídos_e_créditos(String string, Integer int1, Integer int2) {&#10;    // Write code here that turns the phrase above into concrete actions&#10;    throw new io.cucumber.java.PendingException();&#10;}&#10;@When(&quot;o aluno conclui {int} curso\\(s) com média {double}&quot;)&#10;public void o_aluno_conclui_curso_s_com_média(Integer int1, Double double1) {&#10;    // Write code here that turns the phrase above into concrete actions&#10;    throw new io.cucumber.java.PendingException();&#10;}&#10;@Then(&quot;o plano deve ser PREMIUM&quot;)&#10;public void o_plano_deve_ser_premium() {&#10;    // Write code here that turns the phrase above into concrete actions&#10;    throw new io.cucumber.java.PendingException();&#10;}&#10;" type="io.cucumber.junit.platform.engine.UndefinedStepException"><![CDATA[io.cucumber.junit.platform.engine.UndefinedStepException: 
The step 'um aluno BASIC chamado "Lucas" com 12 cursos concluídos e 0 créditos' and 2 other step(s) are undefined.
You can implement these steps using the snippet(s) below:

@Given("um aluno BASIC chamado {string} com {int} cursos concluídos e {int} créditos")
public void um_aluno_basic_chamado_com_cursos_concluídos_e_créditos(String string, Integer int1, Integer int2) {
    // Write code here that turns the phrase above into concrete actions
    throw new io.cucumber.java.PendingException();
}
@When("o aluno conclui {int} curso\\(s) com média {double}")
public void o_aluno_conclui_curso_s_com_média(Integer int1, Double double1) {
    // Write code here that turns the phrase above into concrete actions
    throw new io.cucumber.java.PendingException();
}
@Then("o plano deve ser PREMIUM")
public void o_plano_deve_ser_premium() {
    // Write code here that turns the phrase above into concrete actions
    throw new io.cucumber.java.PendingException();
}

	at io.cucumber.core.runtime.TestCaseResultObserver.assertTestCasePassed(TestCaseResultObserver.java:69)
	at io.cucumber.junit.platform.engine.TestCaseResultObserver.assertTestCasePassed(TestCaseResultObserver.java:22)
	at io.cucumber.junit.platform.engine.CucumberEngineExecutionContext.lambda$runTestCase$4(CucumberEngineExecutionContext.java:114)
	at io.cucumber.core.runtime.CucumberExecutionContext.lambda$runTestCase$5(CucumberExecutionContext.java:136)
	at io.cucumber.core.runtime.RethrowingThrowableCollector.executeAndThrow(RethrowingThrowableCollector.java:23)
	at io.cucumber.core.runtime.CucumberExecutionContext.runTestCase(CucumberExecutionContext.java:136)
	at io.cucumber.junit.platform.engine.CucumberEngineExecutionContext.runTestCase(CucumberEngineExecutionContext.java:109)
	at io.cucumber.junit.platform.engine.NodeDescriptor$PickleDescriptor.execute(NodeDescriptor.java:168)
	at io.cucumber.junit.platform.engine.NodeDescriptor$PickleDescriptor.execute(NodeDescriptor.java:90)
	at java.base/java.util.ArrayList.forEach(ArrayList.java:1511)
	at java.base/java.util.ArrayList.forEach(ArrayList.java:1511)
]]></error>
    <system-out><![CDATA[
Scenario: Promoção para PREMIUM só quando > 12 cursos                        &amp#27;[90m# features/subscription_progress.feature:21&amp#27;[0m
  &amp#27;[33mGiven &amp#27;[0m&amp#27;[33mum aluno BASIC chamado "Lucas" com 12 cursos concluídos e 0 créditos&amp#27;[0m
  &amp#27;[36mWhen &amp#27;[0m&amp#27;[36mo aluno conclui 1 curso(s) com média 8.0&amp#27;[0m
  &amp#27;[36mThen &amp#27;[0m&amp#27;[36mo plano deve ser PREMIUM&amp#27;[0m
]]></system-out>
  </testcase>
</testsuite>