<?xml version="1.0" encoding="UTF-8"?>
<testsuite xmlns:xsi="http://www.w3.org/2001/XMLSchema-instance" xsi:noNamespaceSchemaLocation="https://maven.apache.org/surefire/maven-surefire-plugin/xsd/surefire-test-report-3.0.xsd" version="3.0" name="br.com.valueprojects.subscription.repository.StudentRepositoryTest" time="6.475" tests="7" errors="0" skipped="0" failures="0">
  <properties>
[...]
</properties>
  <testcase name="testFindAll" classname="br.com.valueprojects.subscription.repository.StudentRepositoryTest" time="0.615">
    <system-out><![CDATA[20:58:50.051 [main] INFO org.springframework.test.context.support.AnnotationConfigContextLoaderUtils -- Could not detect default configuration classes for test class [br.com.valueprojects.subscription.repository.StudentRepositoryTest]: StudentRepositoryTest does not declare any static, non-private, non-final, nested classes annotated with @Configuration.
20:58:50.286 [main] INFO org.springframework.boot.test.context.SpringBootTestContextBootstrapper -- Found @SpringBootConfiguration br.com.valueprojects.subscription.SubscriptionApplication for test class br.com.valueprojects.subscription.repository.StudentRepositoryTest
20:58:50.425 [main] INFO org.springframework.boot.devtools.restart.RestartApplicationListener -- Restart disabled due to context in which it is running

  .   ____          _            __ _ _
 /\\ / ___'_ __ _ _(_)_ __  __ _ \ \ \ \
( ( )\___ | '_ | '_| | '_ \/ _` | \ \ \ \
 \\/  ___)| |_)| | | | | || (_| |  ) ) ) )
  '  |____| .__|_| |_|_| |_\__, | / / / /
 =========|_|==============|___/=/_/_/_/

 :: Spring Boot ::                (v3.3.4)

2025-11-16T20:58:51.096-03:00  INFO 959919 --- [subscription-service] [           main] b.c.v.s.r.StudentRepositoryTest          : Starting StudentRepositoryTest using Java 17.0.16 with PID 959919 (started by eduardo in /home/eduardo/Documentos/git/Pr-tica-4-AC2-Desenvolvimento-da-API-DEVOPS-Pipeline-DEV-)
2025-11-16T20:58:51.097-03:00 DEBUG 959919 --- [subscription-service] [           main] b.c.v.s.r.StudentRepositoryTest          : Running with Spring Boot v3.3.4, Spring v6.1.13
2025-11-16T20:58:51.098-03:00  INFO 959919 --- [subscription-service] [           main] b.c.v.s.r.StudentRepositoryTest          : The following 1 profile is active: "test"
2025-11-16T20:58:51.770-03:00  INFO 959919 --- [subscription-service] [           main] .s.d.r.c.RepositoryConfigurationDelegate : Bootstrapping Spring Data JPA repositories in DEFAULT mode.
2025-11-16T20:58:51.868-03:00  INFO 959919 --- [subscription-service] [           main] .s.d.r.c.RepositoryConfigurationDelegate : Finished Spring Data repository scanning in 82 ms. Found 1 JPA repository interface.
2025-11-16T20:58:51.961-03:00  INFO 959919 --- [subscription-service] [           main] beddedDataSourceBeanFactoryPostProcessor : Replacing 'dataSource' DataSource bean with embedded version
2025-11-16T20:58:52.211-03:00  INFO 959919 --- [subscription-service] [           main] o.s.j.d.e.EmbeddedDatabaseFactory        : Starting embedded database: url='jdbc:h2:mem:175cee10-87e0-4ad0-9062-285d4ce4982a;DB_CLOSE_DELAY=-1;DB_CLOSE_ON_EXIT=false', username='sa'
2025-11-16T20:58:52.776-03:00  INFO 959919 --- [subscription-service] [           main] o.hibernate.jpa.internal.util.LogHelper  : HHH000204: Processing PersistenceUnitInfo [name: default]
2025-11-16T20:58:52.875-03:00  INFO 959919 --- [subscription-service] [           main] org.hibernate.Version                    : HHH000412: Hibernate ORM core version 6.5.3.Final
2025-11-16T20:58:52.932-03:00  INFO 959919 --- [subscription-service] [           main] o.h.c.internal.RegionFactoryInitiator    : HHH000026: Second-level cache disabled
2025-11-16T20:58:53.411-03:00  INFO 959919 --- [subscription-service] [           main] o.s.o.j.p.SpringPersistenceUnitInfo      : No LoadTimeWeaver setup: ignoring JPA class transformer
2025-11-16T20:58:53.492-03:00  WARN 959919 --- [subscription-service] [           main] org.hibernate.orm.deprecation            : HHH90000025: H2Dialect does not need to be specified explicitly using 'hibernate.dialect' (remove the property setting and it will be selected by default)
2025-11-16T20:58:54.536-03:00  INFO 959919 --- [subscription-service] [           main] o.h.e.t.j.p.i.JtaPlatformInitiator       : HHH000489: No JTA platform available (set 'hibernate.transaction.jta.platform' to enable JTA platform integration)
2025-11-16T20:58:54.558-03:00 DEBUG 959919 --- [subscription-service] [           main] org.hibernate.SQL                        : 
    drop table if exists tb_student cascade 
Hibernate: 
    drop table if exists tb_student cascade 
2025-11-16T20:58:54.571-03:00 DEBUG 959919 --- [subscription-service] [           main] org.hibernate.SQL                        : 
    create table tb_student (
        coins integer not null,
        completed_courses integer not null,
        credits integer not null,
        id bigint generated by default as identity,
        name varchar(255) not null,
        plan_type varchar(255) not null,
        primary key (id)
    )
Hibernate: 
    create table tb_student (
        coins integer not null,
        completed_courses integer not null,
        credits integer not null,
        id bigint generated by default as identity,
        name varchar(255) not null,
        plan_type varchar(255) not null,
        primary key (id)
    )
2025-11-16T20:58:54.592-03:00  INFO 959919 --- [subscription-service] [           main] j.LocalContainerEntityManagerFactoryBean : Initialized JPA EntityManagerFactory for persistence unit 'default'
2025-11-16T20:58:54.971-03:00  INFO 959919 --- [subscription-service] [           main] o.s.d.j.r.query.QueryEnhancerFactory     : Hibernate is in classpath; If applicable, HQL parser will be used.
2025-11-16T20:58:55.474-03:00  INFO 959919 --- [subscription-service] [           main] b.c.v.s.r.StudentRepositoryTest          : Started StudentRepositoryTest in 5.071 seconds (process running for 7.138)
2025-11-16T20:58:55.948-03:00 DEBUG 959919 --- [subscription-service] [           main] org.hibernate.SQL                        : 
    insert 
    into
        tb_student
        (coins, completed_courses, credits, name, plan_type, id) 
    values
        (?, ?, ?, ?, ?, default)
Hibernate: 
    insert 
    into
        tb_student
        (coins, completed_courses, credits, name, plan_type, id) 
    values
        (?, ?, ?, ?, ?, default)
2025-11-16T20:58:56.008-03:00 DEBUG 959919 --- [subscription-service] [           main] org.hibernate.SQL                        : 
    insert 
    into
        tb_student
        (coins, completed_courses, credits, name, plan_type, id) 
    values
        (?, ?, ?, ?, ?, default)
Hibernate: 
    insert 
    into
        tb_student
        (coins, completed_courses, credits, name, plan_type, id) 
    values
        (?, ?, ?, ?, ?, default)
2025-11-16T20:58:56.080-03:00 DEBUG 959919 --- [subscription-service] [           main] org.hibernate.SQL                        : 
    select
        s1_0.id,
        s1_0.coins,
        s1_0.completed_courses,
        s1_0.credits,
        s1_0.name,
        s1_0.plan_type 
    from
        tb_student s1_0
Hibernate: 
    select
        s1_0.id,
        s1_0.coins,
        s1_0.completed_courses,
        s1_0.credits,
        s1_0.name,
        s1_0.plan_type 
    from
        tb_student s1_0
]]></system-out>
  </testcase>
  <testcase name="testSave" classname="br.com.valueprojects.subscription.repository.StudentRepositoryTest" time="0.013">
    <system-out><![CDATA[2025-11-16T20:58:56.109-03:00 DEBUG 959919 --- [subscription-service] [           main] org.hibernate.SQL                        : 
    insert 
    into
        tb_student
        (coins, completed_courses, credits, name, plan_type, id) 
    values
        (?, ?, ?, ?, ?, default)
Hibernate: 
    insert 
    into
        tb_student
        (coins, completed_courses, credits, name, plan_type, id) 
    values
        (?, ?, ?, ?, ?, default)
]]></system-out>
  </testcase>
  <testcase name="testFindByName" classname="br.com.valueprojects.subscription.repository.StudentRepositoryTest" time="0.033">
    <system-out><![CDATA[2025-11-16T20:58:56.123-03:00 DEBUG 959919 --- [subscription-service] [           main] org.hibernate.SQL                        : 
    insert 
    into
        tb_student
        (coins, completed_courses, credits, name, plan_type, id) 
    values
        (?, ?, ?, ?, ?, default)
Hibernate: 
    insert 
    into
        tb_student
        (coins, completed_courses, credits, name, plan_type, id) 
    values
        (?, ?, ?, ?, ?, default)
2025-11-16T20:58:56.146-03:00 DEBUG 959919 --- [subscription-service] [           main] org.hibernate.SQL                        : 
    select
        s1_0.id,
        s1_0.coins,
        s1_0.completed_courses,
        s1_0.credits,
        s1_0.name,
        s1_0.plan_type 
    from
        tb_student s1_0 
    where
        s1_0.name=?
Hibernate: 
    select
        s1_0.id,
        s1_0.coins,
        s1_0.completed_courses,
        s1_0.credits,
        s1_0.name,
        s1_0.plan_type 
    from
        tb_student s1_0 
    where
        s1_0.name=?
]]></system-out>
  </testcase>
  <testcase name="testFindByPlan" classname="br.com.valueprojects.subscription.repository.StudentRepositoryTest" time="0.022">
    <system-out><![CDATA[2025-11-16T20:58:56.157-03:00 DEBUG 959919 --- [subscription-service] [           main] org.hibernate.SQL                        : 
    insert 
    into
        tb_student
        (coins, completed_courses, credits, name, plan_type, id) 
    values
        (?, ?, ?, ?, ?, default)
Hibernate: 
    insert 
    into
        tb_student
        (coins, completed_courses, credits, name, plan_type, id) 
    values
        (?, ?, ?, ?, ?, default)
2025-11-16T20:58:56.161-03:00 DEBUG 959919 --- [subscription-service] [           main] org.hibernate.SQL                        : 
    insert 
    into
        tb_student
        (coins, completed_courses, credits, name, plan_type, id) 
    values
        (?, ?, ?, ?, ?, default)
Hibernate: 
    insert 
    into
        tb_student
        (coins, completed_courses, credits, name, plan_type, id) 
    values
        (?, ?, ?, ?, ?, default)
2025-11-16T20:58:56.168-03:00 DEBUG 959919 --- [subscription-service] [           main] org.hibernate.SQL                        : 
    select
        s1_0.id,
        s1_0.coins,
        s1_0.completed_courses,
        s1_0.credits,
        s1_0.name,
        s1_0.plan_type 
    from
        tb_student s1_0 
    where
        s1_0.plan_type=?
Hibernate: 
    select
        s1_0.id,
        s1_0.coins,
        s1_0.completed_courses,
        s1_0.credits,
        s1_0.name,
        s1_0.plan_type 
    from
        tb_student s1_0 
    where
        s1_0.plan_type=?
2025-11-16T20:58:56.171-03:00 DEBUG 959919 --- [subscription-service] [           main] org.hibernate.SQL                        : 
    select
        s1_0.id,
        s1_0.coins,
        s1_0.completed_courses,
        s1_0.credits,
        s1_0.name,
        s1_0.plan_type 
    from
        tb_student s1_0 
    where
        s1_0.plan_type=?
Hibernate: 
    select
        s1_0.id,
        s1_0.coins,
        s1_0.completed_courses,
        s1_0.credits,
        s1_0.name,
        s1_0.plan_type 
    from
        tb_student s1_0 
    where
        s1_0.plan_type=?
]]></system-out>
  </testcase>
  <testcase name="testFindById" classname="br.com.valueprojects.subscription.repository.StudentRepositoryTest" time="0.017">
    <system-out><![CDATA[2025-11-16T20:58:56.180-03:00 DEBUG 959919 --- [subscription-service] [           main] org.hibernate.SQL                        : 
    insert 
    into
        tb_student
        (coins, completed_courses, credits, name, plan_type, id) 
    values
        (?, ?, ?, ?, ?, default)
Hibernate: 
    insert 
    into
        tb_student
        (coins, completed_courses, credits, name, plan_type, id) 
    values
        (?, ?, ?, ?, ?, default)
]]></system-out>
  </testcase>
  <testcase name="testFindByCreditsGreaterThanEqual" classname="br.com.valueprojects.subscription.repository.StudentRepositoryTest" time="0.016">
    <system-out><![CDATA[2025-11-16T20:58:56.199-03:00 DEBUG 959919 --- [subscription-service] [           main] org.hibernate.SQL                        : 
    insert 
    into
        tb_student
        (coins, completed_courses, credits, name, plan_type, id) 
    values
        (?, ?, ?, ?, ?, default)
Hibernate: 
    insert 
    into
        tb_student
        (coins, completed_courses, credits, name, plan_type, id) 
    values
        (?, ?, ?, ?, ?, default)
2025-11-16T20:58:56.202-03:00 DEBUG 959919 --- [subscription-service] [           main] org.hibernate.SQL                        : 
    insert 
    into
        tb_student
        (coins, completed_courses, credits, name, plan_type, id) 
    values
        (?, ?, ?, ?, ?, default)
Hibernate: 
    insert 
    into
        tb_student
        (coins, completed_courses, credits, name, plan_type, id) 
    values
        (?, ?, ?, ?, ?, default)
2025-11-16T20:58:56.207-03:00 DEBUG 959919 --- [subscription-service] [           main] org.hibernate.SQL                        : 
    select
        s1_0.id,
        s1_0.coins,
        s1_0.completed_courses,
        s1_0.credits,
        s1_0.name,
        s1_0.plan_type 
    from
        tb_student s1_0 
    where
        s1_0.credits>=?
Hibernate: 
    select
        s1_0.id,
        s1_0.coins,
        s1_0.completed_courses,
        s1_0.credits,
        s1_0.name,
        s1_0.plan_type 
    from
        tb_student s1_0 
    where
        s1_0.credits>=?
]]></system-out>
  </testcase>
  <testcase name="testDelete" classname="br.com.valueprojects.subscription.repository.StudentRepositoryTest" time="0.015">
    <system-out><![CDATA[2025-11-16T20:58:56.217-03:00 DEBUG 959919 --- [subscription-service] [           main] org.hibernate.SQL                        : 
    insert 
    into
        tb_student
        (coins, completed_courses, credits, name, plan_type, id) 
    values
        (?, ?, ?, ?, ?, default)
Hibernate: 
    insert 
    into
        tb_student
        (coins, completed_courses, credits, name, plan_type, id) 
    values
        (?, ?, ?, ?, ?, default)
]]></system-out>
  </testcase>
</testsuite>